<?xml version="1.0" encoding="UTF-8"?>
<testsuite xmlns:xsi="http://www.w3.org/2001/XMLSchema-instance" xsi:noNamespaceSchemaLocation="https://maven.apache.org/surefire/maven-surefire-plugin/xsd/surefire-test-report.xsd" name="com.nnk.springboot.BidTests" time="7.811" tests="1" errors="1" skipped="0" failures="0">
  <properties>
[...]
</properties>
  <testcase name="bidListTest" classname="com.nnk.springboot.BidTests" time="0.193">
    <error message="Could not commit JPA transaction; nested exception is javax.persistence.RollbackException: Error while committing the transaction" type="org.springframework.transaction.TransactionSystemException">org.springframework.transaction.TransactionSystemException: Could not commit JPA transaction; nested exception is javax.persistence.RollbackException: Error while committing the transaction
	at com.nnk.springboot.BidTests.bidListTest(BidTests.java:27)
Caused by: javax.persistence.RollbackException: Error while committing the transaction
	at com.nnk.springboot.BidTests.bidListTest(BidTests.java:27)
Caused by: javax.validation.ConstraintViolationException: 
Validation failed for classes [com.nnk.springboot.domain.BidList] during persist time for groups [javax.validation.groups.Default, ]
List of constraint violations:[
	ConstraintViolationImpl{interpolatedMessage='Type is mandatory', propertyPath=type, rootBeanClass=class com.nnk.springboot.domain.BidList, messageTemplate='Type is mandatory'}
	ConstraintViolationImpl{interpolatedMessage='Account is mandatory', propertyPath=account, rootBeanClass=class com.nnk.springboot.domain.BidList, messageTemplate='Account is mandatory'}
]
	at com.nnk.springboot.BidTests.bidListTest(BidTests.java:27)
</error>
    <system-out><![CDATA[20:13:12.054 [main] DEBUG org.springframework.test.context.junit4.SpringJUnit4ClassRunner - SpringJUnit4ClassRunner constructor called with [class com.nnk.springboot.BidTests]
20:13:12.061 [main] DEBUG org.springframework.test.context.BootstrapUtils - Instantiating CacheAwareContextLoaderDelegate from class [org.springframework.test.context.cache.DefaultCacheAwareContextLoaderDelegate]
20:13:12.073 [main] DEBUG org.springframework.test.context.BootstrapUtils - Instantiating BootstrapContext using constructor [public org.springframework.test.context.support.DefaultBootstrapContext(java.lang.Class,org.springframework.test.context.CacheAwareContextLoaderDelegate)]
20:13:12.091 [main] DEBUG org.springframework.test.context.BootstrapUtils - Instantiating TestContextBootstrapper for test class [com.nnk.springboot.BidTests] from class [org.springframework.boot.test.context.SpringBootTestContextBootstrapper]
20:13:12.112 [main] INFO org.springframework.boot.test.context.SpringBootTestContextBootstrapper - Neither @ContextConfiguration nor @ContextHierarchy found for test class [com.nnk.springboot.BidTests], using SpringBootContextLoader
20:13:12.116 [main] DEBUG org.springframework.test.context.support.AbstractContextLoader - Did not detect default resource location for test class [com.nnk.springboot.BidTests]: class path resource [com/nnk/springboot/BidTests-context.xml] does not exist
20:13:12.117 [main] DEBUG org.springframework.test.context.support.AbstractContextLoader - Did not detect default resource location for test class [com.nnk.springboot.BidTests]: class path resource [com/nnk/springboot/BidTestsContext.groovy] does not exist
20:13:12.117 [main] INFO org.springframework.test.context.support.AbstractContextLoader - Could not detect default resource locations for test class [com.nnk.springboot.BidTests]: no resource found for suffixes {-context.xml, Context.groovy}.
20:13:12.118 [main] INFO org.springframework.test.context.support.AnnotationConfigContextLoaderUtils - Could not detect default configuration classes for test class [com.nnk.springboot.BidTests]: BidTests does not declare any static, non-private, non-final, nested classes annotated with @Configuration.
20:13:12.171 [main] DEBUG org.springframework.test.context.support.ActiveProfilesUtils - Could not find an 'annotation declaring class' for annotation type [org.springframework.test.context.ActiveProfiles] and class [com.nnk.springboot.BidTests]
20:13:12.180 [main] DEBUG org.springframework.core.env.StandardEnvironment - Adding PropertySource 'systemProperties' with lowest search precedence
20:13:12.180 [main] DEBUG org.springframework.core.env.StandardEnvironment - Adding PropertySource 'systemEnvironment' with lowest search precedence
20:13:12.182 [main] DEBUG org.springframework.core.env.StandardEnvironment - Initialized StandardEnvironment with PropertySources [MapPropertySource@123501199 {name='systemProperties', properties={java.vendor=AdoptOpenJDK, localRepository=C:\Users\The_X\.m2\repository, sun.java.launcher=SUN_STANDARD, os.name=Windows 8.1, sun.boot.class.path=C:\Program Files\Java\jdk-1.8.0_282\jre\bin\compressedrefs\jclSC180\vm.jar;C:\Program Files\Java\jdk-1.8.0_282\jre\lib\se-service.jar;C:\Program Files\Java\jdk-1.8.0_282\jre\lib\rt.jar;C:\Program Files\Java\jdk-1.8.0_282\jre\lib\resources.jar;C:\Program Files\Java\jdk-1.8.0_282\jre\lib\jsse.jar;C:\Program Files\Java\jdk-1.8.0_282\jre\lib\charsets.jar;C:\Program Files\Java\jdk-1.8.0_282\jre\lib\jce.jar, sun.desktop=windows, java.vm.specification.vendor=Oracle Corporation, java.runtime.version=1.8.0_282-b08, user.name=The_X, java.compiler=j9jit29, os.encoding=UTF8, com.ibm.util.extralibs.properties=, com.ibm.jcl.checkClassPath=, user.language=fr, com.ibm.oti.vm.bootstrap.library.path=C:\Program Files\Java\jdk-1.8.0_282\jre\bin\compressedrefs;C:\Program Files\Java\jdk-1.8.0_282\jre\bin, sun.boot.library.path=C:\Program Files\Java\jdk-1.8.0_282\jre\bin\compressedrefs;C:\Program Files\Java\jdk-1.8.0_282\jre\bin, jdk.extensions.version=8.0.282.0, java.version=1.8.0_282, user.timezone=Europe/Paris, com.ibm.system.agent.path=C:\Program Files\Java\jdk-1.8.0_282\jre\bin, sun.arch.data.model=64, com.ibm.zero.version=2, java.endorsed.dirs=C:\Program Files\Java\jdk-1.8.0_282\jre\lib\endorsed, com.ibm.oti.vm.library.version=29, sun.jnu.encoding=Cp1252, file.encoding.pkg=sun.io, file.separator=\, java.specification.name=Java Platform API Specification, java.class.version=52.0, user.country=FR, java.home=C:\Program Files\Java\jdk-1.8.0_282\jre, java.vm.info=JRE 1.8.0 Windows 8.1 amd64-64-Bit Compressed References 20210120_972 (JIT enabled, AOT enabled)
OpenJ9   - 345e1b09e
OMR      - 741e94ea8
JCL      - ab07c6a8fd based on jdk8u282-b08, os.version=6.3, surefire.real.class.path=C:\Users\The_X\AppData\Local\Temp\surefire1515200812798236581\surefirebooter616463972844095706.jar, java.awt.fonts=, path.separator=;, java.vm.version=openj9-0.24.0, user.variant=, java.awt.printerjob=sun.awt.windows.WPrinterJob, jdk.extensions.name=Extensions for OpenJDK for Eclipse OpenJ9, sun.io.unicode.encoding=UnicodeLittle, awt.toolkit=sun.awt.windows.WToolkit, ibm.signalhandling.sigint=true, user.home=C:\Users\The_X, com.ibm.cpu.endian=little, java.specification.vendor=Oracle Corporation, ibm.signalhandling.sigchain=true, java.library.path=C:\Program Files\Java\jdk-1.8.0_282\jre\bin\compressedrefs;C:\Program Files\Java\jdk-1.8.0_282\jre\bin;C:\WINDOWS\system32;C:\WINDOWS;C:\Python310\Scripts\;C:\Python310\;C:\Program Files (x86)\NVIDIA Corporation\PhysX\Common;C:\Program Files (x86)\Razer Chroma SDK\bin;C:\Program Files\Razer Chroma SDK\bin;C:\Program Files (x86)\Razer\ChromaBroadcast\bin;C:\Program Files\Razer\ChromaBroadcast\bin;C:\Program Files\Common Files\Oracle\Java\javapath;C:\Program Files (x86)\Common Files\Oracle\Java\javapath;C:\WINDOWS\system32;C:\WINDOWS;C:\WINDOWS\System32\Wbem;C:\WINDOWS\System32\WindowsPowerShell\v1.0\;C:\WINDOWS\System32\OpenSSH\;C:\Program Files\Git\cmd;C:\Program Files (x86)\Common Files\Acronis\VirtualFile\;C:\Program Files (x86)\Common Files\Acronis\VirtualFile64\;C:\Program Files (x86)\Common Files\Acronis\SnapAPI\;C:\Program Files\Java\jdk-16\bin;C:\Program Files\Java\jdk-1.8.0_282\bin;C:\WINDOWS\system32\config\systemprofile\AppData\Local\Microsoft\WindowsApps;C:\Program Files\Maven\apache-maven-3.8.1\bin;C:\Program Files\dotnet\;C:\Program Files\qemu;C:\WINDOWS\system32;C:\WINDOWS;C:\WINDOWS\System32\Wbem;C:\WINDOWS\System32\WindowsPowerShell\v1.0\;C:\WINDOWS\System32\OpenSSH\;C:\Program Files\nodejs\;C:\ProgramData\chocolatey\bin;C:\Program Files (x86)\dotnet\;C:\Program Files (x86)\Gpg4win\..\GnuPG\bin;C:\Users\The_X\AppData\Local\Microsoft\WindowsApps;C:\Users\The_X\AppData\Local\Programs\Microsoft VS Code\bin;C:\Users\The_X\AppData\Local\GitHubDesktop\bin;C:\Program Files\JetBrains\IntelliJ IDEA Community Edition 2020.3.2\bin;C:\Users\The_X\.dotnet\tools;C:\Users\The_X\AppData\Local\atom\bin;C:\Users\The_X\AppData\Local\gitkraken\bin;C:\Users\The_X\AppData\Roaming\npm;C:\Users\The_X\.dotnet\tools;., java.vendor.url=https://adoptopenjdk.net/, java.vm.vendor=Eclipse OpenJ9, java.fullversion=1.8.0_282-b08
JRE 1.8.0 Windows 8.1 amd64-64-Bit Compressed References 20210120_972 (JIT enabled, AOT enabled)
OpenJ9   - 345e1b09e
OMR      - 741e94ea8
JCL      - ab07c6a8fd based on jdk8u282-b08, java.runtime.name=OpenJDK Runtime Environment, sun.java.command=C:\Users\The_X\AppData\Local\Temp\surefire1515200812798236581\surefirebooter616463972844095706.jar C:\Users\The_X\AppData\Local\Temp\surefire1515200812798236581 2022-04-04T20-13-10_266-jvmRun1 surefire2007953003167966189tmp surefire_06319732011073557260tmp, java.class.path=D:\Windows Users Directories\Documents\OpenClassroom\Dossier de Travail\Projet 7\Poseiden-skeleton\target\test-classes;D:\Windows Users Directories\Documents\OpenClassroom\Dossier de Travail\Projet 7\Poseiden-skeleton\target\classes;C:\Users\The_X\.m2\repository\org\springframework\boot\spring-boot-starter-test\2.0.4.RELEASE\spring-boot-starter-test-2.0.4.RELEASE.jar;C:\Users\The_X\.m2\repository\org\springframework\boot\spring-boot-starter\2.0.4.RELEASE\spring-boot-starter-2.0.4.RELEASE.jar;C:\Users\The_X\.m2\repository\org\springframework\boot\spring-boot-starter-logging\2.0.4.RELEASE\spring-boot-starter-logging-2.0.4.RELEASE.jar;C:\Users\The_X\.m2\repository\ch\qos\logback\logback-classic\1.2.3\logback-classic-1.2.3.jar;C:\Users\The_X\.m2\repository\ch\qos\logback\logback-core\1.2.3\logback-core-1.2.3.jar;C:\Users\The_X\.m2\repository\org\apache\logging\log4j\log4j-to-slf4j\2.10.0\log4j-to-slf4j-2.10.0.jar;C:\Users\The_X\.m2\repository\org\slf4j\jul-to-slf4j\1.7.25\jul-to-slf4j-1.7.25.jar;C:\Users\The_X\.m2\repository\javax\annotation\javax.annotation-api\1.3.2\javax.annotation-api-1.3.2.jar;C:\Users\The_X\.m2\repository\org\yaml\snakeyaml\1.19\snakeyaml-1.19.jar;C:\Users\The_X\.m2\repository\org\springframework\boot\spring-boot-test\2.0.4.RELEASE\spring-boot-test-2.0.4.RELEASE.jar;C:\Users\The_X\.m2\repository\org\springframework\boot\spring-boot-test-autoconfigure\2.0.4.RELEASE\spring-boot-test-autoconfigure-2.0.4.RELEASE.jar;C:\Users\The_X\.m2\repository\com\jayway\jsonpath\json-path\2.4.0\json-path-2.4.0.jar;C:\Users\The_X\.m2\repository\net\minidev\json-smart\2.3\json-smart-2.3.jar;C:\Users\The_X\.m2\repository\net\minidev\accessors-smart\1.2\accessors-smart-1.2.jar;C:\Users\The_X\.m2\repository\org\ow2\asm\asm\5.0.4\asm-5.0.4.jar;C:\Users\The_X\.m2\repository\org\slf4j\slf4j-api\1.7.25\slf4j-api-1.7.25.jar;C:\Users\The_X\.m2\repository\junit\junit\4.12\junit-4.12.jar;C:\Users\The_X\.m2\repository\org\assertj\assertj-core\3.9.1\assertj-core-3.9.1.jar;C:\Users\The_X\.m2\repository\org\mockito\mockito-core\2.15.0\mockito-core-2.15.0.jar;C:\Users\The_X\.m2\repository\net\bytebuddy\byte-buddy\1.7.11\byte-buddy-1.7.11.jar;C:\Users\The_X\.m2\repository\net\bytebuddy\byte-buddy-agent\1.7.11\byte-buddy-agent-1.7.11.jar;C:\Users\The_X\.m2\repository\org\objenesis\objenesis\2.6\objenesis-2.6.jar;C:\Users\The_X\.m2\repository\org\hamcrest\hamcrest-core\1.3\hamcrest-core-1.3.jar;C:\Users\The_X\.m2\repository\org\hamcrest\hamcrest-library\1.3\hamcrest-library-1.3.jar;C:\Users\The_X\.m2\repository\org\skyscreamer\jsonassert\1.5.0\jsonassert-1.5.0.jar;C:\Users\The_X\.m2\repository\com\vaadin\external\google\android-json\0.0.20131108.vaadin1\android-json-0.0.20131108.vaadin1.jar;C:\Users\The_X\.m2\repository\org\springframework\spring-core\5.0.8.RELEASE\spring-core-5.0.8.RELEASE.jar;C:\Users\The_X\.m2\repository\org\springframework\spring-jcl\5.0.8.RELEASE\spring-jcl-5.0.8.RELEASE.jar;C:\Users\The_X\.m2\repository\org\springframework\spring-test\5.0.8.RELEASE\spring-test-5.0.8.RELEASE.jar;C:\Users\The_X\.m2\repository\org\xmlunit\xmlunit-core\2.5.1\xmlunit-core-2.5.1.jar;C:\Users\The_X\.m2\repository\org\springframework\boot\spring-boot-starter-data-jpa\2.0.4.RELEASE\spring-boot-starter-data-jpa-2.0.4.RELEASE.jar;C:\Users\The_X\.m2\repository\org\springframework\boot\spring-boot-starter-aop\2.0.4.RELEASE\spring-boot-starter-aop-2.0.4.RELEASE.jar;C:\Users\The_X\.m2\repository\org\aspectj\aspectjweaver\1.8.13\aspectjweaver-1.8.13.jar;C:\Users\The_X\.m2\repository\org\springframework\boot\spring-boot-starter-jdbc\2.0.4.RELEASE\spring-boot-starter-jdbc-2.0.4.RELEASE.jar;C:\Users\The_X\.m2\repository\com\zaxxer\HikariCP\2.7.9\HikariCP-2.7.9.jar;C:\Users\The_X\.m2\repository\org\springframework\spring-jdbc\5.0.8.RELEASE\spring-jdbc-5.0.8.RELEASE.jar;C:\Users\The_X\.m2\repository\org\hibernate\hibernate-core\5.2.17.Final\hibernate-core-5.2.17.Final.jar;C:\Users\The_X\.m2\repository\org\jboss\logging\jboss-logging\3.3.2.Final\jboss-logging-3.3.2.Final.jar;C:\Users\The_X\.m2\repository\org\hibernate\javax\persistence\hibernate-jpa-2.1-api\1.0.2.Final\hibernate-jpa-2.1-api-1.0.2.Final.jar;C:\Users\The_X\.m2\repository\org\javassist\javassist\3.22.0-GA\javassist-3.22.0-GA.jar;C:\Users\The_X\.m2\repository\antlr\antlr\2.7.7\antlr-2.7.7.jar;C:\Users\The_X\.m2\repository\org\jboss\jandex\2.0.3.Final\jandex-2.0.3.Final.jar;C:\Users\The_X\.m2\repository\com\fasterxml\classmate\1.3.4\classmate-1.3.4.jar;C:\Users\The_X\.m2\repository\dom4j\dom4j\1.6.1\dom4j-1.6.1.jar;C:\Users\The_X\.m2\repository\org\hibernate\common\hibernate-commons-annotations\5.0.1.Final\hibernate-commons-annotations-5.0.1.Final.jar;C:\Users\The_X\.m2\repository\javax\transaction\javax.transaction-api\1.2\javax.transaction-api-1.2.jar;C:\Users\The_X\.m2\repository\org\springframework\data\spring-data-jpa\2.0.9.RELEASE\spring-data-jpa-2.0.9.RELEASE.jar;C:\Users\The_X\.m2\repository\org\springframework\data\spring-data-commons\2.0.9.RELEASE\spring-data-commons-2.0.9.RELEASE.jar;C:\Users\The_X\.m2\repository\org\springframework\spring-orm\5.0.8.RELEASE\spring-orm-5.0.8.RELEASE.jar;C:\Users\The_X\.m2\repository\org\springframework\spring-context\5.0.8.RELEASE\spring-context-5.0.8.RELEASE.jar;C:\Users\The_X\.m2\repository\org\springframework\spring-tx\5.0.8.RELEASE\spring-tx-5.0.8.RELEASE.jar;C:\Users\The_X\.m2\repository\org\springframework\spring-beans\5.0.8.RELEASE\spring-beans-5.0.8.RELEASE.jar;C:\Users\The_X\.m2\repository\org\springframework\spring-aspects\5.0.8.RELEASE\spring-aspects-5.0.8.RELEASE.jar;C:\Users\The_X\.m2\repository\org\springframework\boot\spring-boot-starter-web\2.0.4.RELEASE\spring-boot-starter-web-2.0.4.RELEASE.jar;C:\Users\The_X\.m2\repository\org\springframework\boot\spring-boot-starter-json\2.0.4.RELEASE\spring-boot-starter-json-2.0.4.RELEASE.jar;C:\Users\The_X\.m2\repository\com\fasterxml\jackson\core\jackson-databind\2.9.6\jackson-databind-2.9.6.jar;C:\Users\The_X\.m2\repository\com\fasterxml\jackson\core\jackson-annotations\2.9.0\jackson-annotations-2.9.0.jar;C:\Users\The_X\.m2\repository\com\fasterxml\jackson\core\jackson-core\2.9.6\jackson-core-2.9.6.jar;C:\Users\The_X\.m2\repository\com\fasterxml\jackson\datatype\jackson-datatype-jdk8\2.9.6\jackson-datatype-jdk8-2.9.6.jar;C:\Users\The_X\.m2\repository\com\fasterxml\jackson\datatype\jackson-datatype-jsr310\2.9.6\jackson-datatype-jsr310-2.9.6.jar;C:\Users\The_X\.m2\repository\com\fasterxml\jackson\module\jackson-module-parameter-names\2.9.6\jackson-module-parameter-names-2.9.6.jar;C:\Users\The_X\.m2\repository\org\springframework\boot\spring-boot-starter-tomcat\2.0.4.RELEASE\spring-boot-starter-tomcat-2.0.4.RELEASE.jar;C:\Users\The_X\.m2\repository\org\apache\tomcat\embed\tomcat-embed-core\8.5.32\tomcat-embed-core-8.5.32.jar;C:\Users\The_X\.m2\repository\org\apache\tomcat\embed\tomcat-embed-el\8.5.32\tomcat-embed-el-8.5.32.jar;C:\Users\The_X\.m2\repository\org\apache\tomcat\embed\tomcat-embed-websocket\8.5.32\tomcat-embed-websocket-8.5.32.jar;C:\Users\The_X\.m2\repository\org\hibernate\validator\hibernate-validator\6.0.11.Final\hibernate-validator-6.0.11.Final.jar;C:\Users\The_X\.m2\repository\javax\validation\validation-api\2.0.1.Final\validation-api-2.0.1.Final.jar;C:\Users\The_X\.m2\repository\org\springframework\spring-web\5.0.8.RELEASE\spring-web-5.0.8.RELEASE.jar;C:\Users\The_X\.m2\repository\org\springframework\spring-webmvc\5.0.8.RELEASE\spring-webmvc-5.0.8.RELEASE.jar;C:\Users\The_X\.m2\repository\org\springframework\spring-expression\5.0.8.RELEASE\spring-expression-5.0.8.RELEASE.jar;C:\Users\The_X\.m2\repository\org\springframework\boot\spring-boot-starter-thymeleaf\2.0.4.RELEASE\spring-boot-starter-thymeleaf-2.0.4.RELEASE.jar;C:\Users\The_X\.m2\repository\org\thymeleaf\thymeleaf-spring5\3.0.9.RELEASE\thymeleaf-spring5-3.0.9.RELEASE.jar;C:\Users\The_X\.m2\repository\org\thymeleaf\thymeleaf\3.0.9.RELEASE\thymeleaf-3.0.9.RELEASE.jar;C:\Users\The_X\.m2\repository\org\attoparser\attoparser\2.0.4.RELEASE\attoparser-2.0.4.RELEASE.jar;C:\Users\The_X\.m2\repository\org\unbescape\unbescape\1.1.5.RELEASE\unbescape-1.1.5.RELEASE.jar;C:\Users\The_X\.m2\repository\org\thymeleaf\extras\thymeleaf-extras-java8time\3.0.1.RELEASE\thymeleaf-extras-java8time-3.0.1.RELEASE.jar;C:\Users\The_X\.m2\repository\org\springframework\boot\spring-boot-starter-security\2.0.4.RELEASE\spring-boot-starter-security-2.0.4.RELEASE.jar;C:\Users\The_X\.m2\repository\org\springframework\spring-aop\5.0.8.RELEASE\spring-aop-5.0.8.RELEASE.jar;C:\Users\The_X\.m2\repository\org\springframework\security\spring-security-config\5.0.7.RELEASE\spring-security-config-5.0.7.RELEASE.jar;C:\Users\The_X\.m2\repository\org\springframework\security\spring-security-core\5.0.7.RELEASE\spring-security-core-5.0.7.RELEASE.jar;C:\Users\The_X\.m2\repository\org\springframework\security\spring-security-web\5.0.7.RELEASE\spring-security-web-5.0.7.RELEASE.jar;C:\Users\The_X\.m2\repository\org\springframework\boot\spring-boot-devtools\2.0.4.RELEASE\spring-boot-devtools-2.0.4.RELEASE.jar;C:\Users\The_X\.m2\repository\org\springframework\boot\spring-boot\2.0.4.RELEASE\spring-boot-2.0.4.RELEASE.jar;C:\Users\The_X\.m2\repository\org\springframework\boot\spring-boot-autoconfigure\2.0.4.RELEASE\spring-boot-autoconfigure-2.0.4.RELEASE.jar;C:\Users\The_X\.m2\repository\mysql\mysql-connector-java\5.1.46\mysql-connector-java-5.1.46.jar;C:\Users\The_X\.m2\repository\com\h2database\h2\1.4.197\h2-1.4.197.jar;C:\Users\The_X\.m2\repository\org\projectlombok\lombok\1.16.22\lombok-1.16.22.jar;C:\Users\The_X\.m2\repository\org\apache\logging\log4j\log4j-api\2.12.1\log4j-api-2.12.1.jar;C:\Users\The_X\.m2\repository\org\apache\logging\log4j\log4j-core\2.17.1\log4j-core-2.17.1.jar;, java.vm.specification.name=Java Virtual Machine Specification, java.vm.specification.version=1.8, sun.cpu.endian=little, surefire.test.class.path=D:\Windows Users Directories\Documents\OpenClassroom\Dossier de Travail\Projet 7\Poseiden-skeleton\target\test-classes;D:\Windows Users Directories\Documents\OpenClassroom\Dossier de Travail\Projet 7\Poseiden-skeleton\target\classes;C:\Users\The_X\.m2\repository\org\springframework\boot\spring-boot-starter-test\2.0.4.RELEASE\spring-boot-starter-test-2.0.4.RELEASE.jar;C:\Users\The_X\.m2\repository\org\springframework\boot\spring-boot-starter\2.0.4.RELEASE\spring-boot-starter-2.0.4.RELEASE.jar;C:\Users\The_X\.m2\repository\org\springframework\boot\spring-boot-starter-logging\2.0.4.RELEASE\spring-boot-starter-logging-2.0.4.RELEASE.jar;C:\Users\The_X\.m2\repository\ch\qos\logback\logback-classic\1.2.3\logback-classic-1.2.3.jar;C:\Users\The_X\.m2\repository\ch\qos\logback\logback-core\1.2.3\logback-core-1.2.3.jar;C:\Users\The_X\.m2\repository\org\apache\logging\log4j\log4j-to-slf4j\2.10.0\log4j-to-slf4j-2.10.0.jar;C:\Users\The_X\.m2\repository\org\slf4j\jul-to-slf4j\1.7.25\jul-to-slf4j-1.7.25.jar;C:\Users\The_X\.m2\repository\javax\annotation\javax.annotation-api\1.3.2\javax.annotation-api-1.3.2.jar;C:\Users\The_X\.m2\repository\org\yaml\snakeyaml\1.19\snakeyaml-1.19.jar;C:\Users\The_X\.m2\repository\org\springframework\boot\spring-boot-test\2.0.4.RELEASE\spring-boot-test-2.0.4.RELEASE.jar;C:\Users\The_X\.m2\repository\org\springframework\boot\spring-boot-test-autoconfigure\2.0.4.RELEASE\spring-boot-test-autoconfigure-2.0.4.RELEASE.jar;C:\Users\The_X\.m2\repository\com\jayway\jsonpath\json-path\2.4.0\json-path-2.4.0.jar;C:\Users\The_X\.m2\repository\net\minidev\json-smart\2.3\json-smart-2.3.jar;C:\Users\The_X\.m2\repository\net\minidev\accessors-smart\1.2\accessors-smart-1.2.jar;C:\Users\The_X\.m2\repository\org\ow2\asm\asm\5.0.4\asm-5.0.4.jar;C:\Users\The_X\.m2\repository\org\slf4j\slf4j-api\1.7.25\slf4j-api-1.7.25.jar;C:\Users\The_X\.m2\repository\junit\junit\4.12\junit-4.12.jar;C:\Users\The_X\.m2\repository\org\assertj\assertj-core\3.9.1\assertj-core-3.9.1.jar;C:\Users\The_X\.m2\repository\org\mockito\mockito-core\2.15.0\mockito-core-2.15.0.jar;C:\Users\The_X\.m2\repository\net\bytebuddy\byte-buddy\1.7.11\byte-buddy-1.7.11.jar;C:\Users\The_X\.m2\repository\net\bytebuddy\byte-buddy-agent\1.7.11\byte-buddy-agent-1.7.11.jar;C:\Users\The_X\.m2\repository\org\objenesis\objenesis\2.6\objenesis-2.6.jar;C:\Users\The_X\.m2\repository\org\hamcrest\hamcrest-core\1.3\hamcrest-core-1.3.jar;C:\Users\The_X\.m2\repository\org\hamcrest\hamcrest-library\1.3\hamcrest-library-1.3.jar;C:\Users\The_X\.m2\repository\org\skyscreamer\jsonassert\1.5.0\jsonassert-1.5.0.jar;C:\Users\The_X\.m2\repository\com\vaadin\external\google\android-json\0.0.20131108.vaadin1\android-json-0.0.20131108.vaadin1.jar;C:\Users\The_X\.m2\repository\org\springframework\spring-core\5.0.8.RELEASE\spring-core-5.0.8.RELEASE.jar;C:\Users\The_X\.m2\repository\org\springframework\spring-jcl\5.0.8.RELEASE\spring-jcl-5.0.8.RELEASE.jar;C:\Users\The_X\.m2\repository\org\springframework\spring-test\5.0.8.RELEASE\spring-test-5.0.8.RELEASE.jar;C:\Users\The_X\.m2\repository\org\xmlunit\xmlunit-core\2.5.1\xmlunit-core-2.5.1.jar;C:\Users\The_X\.m2\repository\org\springframework\boot\spring-boot-starter-data-jpa\2.0.4.RELEASE\spring-boot-starter-data-jpa-2.0.4.RELEASE.jar;C:\Users\The_X\.m2\repository\org\springframework\boot\spring-boot-starter-aop\2.0.4.RELEASE\spring-boot-starter-aop-2.0.4.RELEASE.jar;C:\Users\The_X\.m2\repository\org\aspectj\aspectjweaver\1.8.13\aspectjweaver-1.8.13.jar;C:\Users\The_X\.m2\repository\org\springframework\boot\spring-boot-starter-jdbc\2.0.4.RELEASE\spring-boot-starter-jdbc-2.0.4.RELEASE.jar;C:\Users\The_X\.m2\repository\com\zaxxer\HikariCP\2.7.9\HikariCP-2.7.9.jar;C:\Users\The_X\.m2\repository\org\springframework\spring-jdbc\5.0.8.RELEASE\spring-jdbc-5.0.8.RELEASE.jar;C:\Users\The_X\.m2\repository\org\hibernate\hibernate-core\5.2.17.Final\hibernate-core-5.2.17.Final.jar;C:\Users\The_X\.m2\repository\org\jboss\logging\jboss-logging\3.3.2.Final\jboss-logging-3.3.2.Final.jar;C:\Users\The_X\.m2\repository\org\hibernate\javax\persistence\hibernate-jpa-2.1-api\1.0.2.Final\hibernate-jpa-2.1-api-1.0.2.Final.jar;C:\Users\The_X\.m2\repository\org\javassist\javassist\3.22.0-GA\javassist-3.22.0-GA.jar;C:\Users\The_X\.m2\repository\antlr\antlr\2.7.7\antlr-2.7.7.jar;C:\Users\The_X\.m2\repository\org\jboss\jandex\2.0.3.Final\jandex-2.0.3.Final.jar;C:\Users\The_X\.m2\repository\com\fasterxml\classmate\1.3.4\classmate-1.3.4.jar;C:\Users\The_X\.m2\repository\dom4j\dom4j\1.6.1\dom4j-1.6.1.jar;C:\Users\The_X\.m2\repository\org\hibernate\common\hibernate-commons-annotations\5.0.1.Final\hibernate-commons-annotations-5.0.1.Final.jar;C:\Users\The_X\.m2\repository\javax\transaction\javax.transaction-api\1.2\javax.transaction-api-1.2.jar;C:\Users\The_X\.m2\repository\org\springframework\data\spring-data-jpa\2.0.9.RELEASE\spring-data-jpa-2.0.9.RELEASE.jar;C:\Users\The_X\.m2\repository\org\springframework\data\spring-data-commons\2.0.9.RELEASE\spring-data-commons-2.0.9.RELEASE.jar;C:\Users\The_X\.m2\repository\org\springframework\spring-orm\5.0.8.RELEASE\spring-orm-5.0.8.RELEASE.jar;C:\Users\The_X\.m2\repository\org\springframework\spring-context\5.0.8.RELEASE\spring-context-5.0.8.RELEASE.jar;C:\Users\The_X\.m2\repository\org\springframework\spring-tx\5.0.8.RELEASE\spring-tx-5.0.8.RELEASE.jar;C:\Users\The_X\.m2\repository\org\springframework\spring-beans\5.0.8.RELEASE\spring-beans-5.0.8.RELEASE.jar;C:\Users\The_X\.m2\repository\org\springframework\spring-aspects\5.0.8.RELEASE\spring-aspects-5.0.8.RELEASE.jar;C:\Users\The_X\.m2\repository\org\springframework\boot\spring-boot-starter-web\2.0.4.RELEASE\spring-boot-starter-web-2.0.4.RELEASE.jar;C:\Users\The_X\.m2\repository\org\springframework\boot\spring-boot-starter-json\2.0.4.RELEASE\spring-boot-starter-json-2.0.4.RELEASE.jar;C:\Users\The_X\.m2\repository\com\fasterxml\jackson\core\jackson-databind\2.9.6\jackson-databind-2.9.6.jar;C:\Users\The_X\.m2\repository\com\fasterxml\jackson\core\jackson-annotations\2.9.0\jackson-annotations-2.9.0.jar;C:\Users\The_X\.m2\repository\com\fasterxml\jackson\core\jackson-core\2.9.6\jackson-core-2.9.6.jar;C:\Users\The_X\.m2\repository\com\fasterxml\jackson\datatype\jackson-datatype-jdk8\2.9.6\jackson-datatype-jdk8-2.9.6.jar;C:\Users\The_X\.m2\repository\com\fasterxml\jackson\datatype\jackson-datatype-jsr310\2.9.6\jackson-datatype-jsr310-2.9.6.jar;C:\Users\The_X\.m2\repository\com\fasterxml\jackson\module\jackson-module-parameter-names\2.9.6\jackson-module-parameter-names-2.9.6.jar;C:\Users\The_X\.m2\repository\org\springframework\boot\spring-boot-starter-tomcat\2.0.4.RELEASE\spring-boot-starter-tomcat-2.0.4.RELEASE.jar;C:\Users\The_X\.m2\repository\org\apache\tomcat\embed\tomcat-embed-core\8.5.32\tomcat-embed-core-8.5.32.jar;C:\Users\The_X\.m2\repository\org\apache\tomcat\embed\tomcat-embed-el\8.5.32\tomcat-embed-el-8.5.32.jar;C:\Users\The_X\.m2\repository\org\apache\tomcat\embed\tomcat-embed-websocket\8.5.32\tomcat-embed-websocket-8.5.32.jar;C:\Users\The_X\.m2\repository\org\hibernate\validator\hibernate-validator\6.0.11.Final\hibernate-validator-6.0.11.Final.jar;C:\Users\The_X\.m2\repository\javax\validation\validation-api\2.0.1.Final\validation-api-2.0.1.Final.jar;C:\Users\The_X\.m2\repository\org\springframework\spring-web\5.0.8.RELEASE\spring-web-5.0.8.RELEASE.jar;C:\Users\The_X\.m2\repository\org\springframework\spring-webmvc\5.0.8.RELEASE\spring-webmvc-5.0.8.RELEASE.jar;C:\Users\The_X\.m2\repository\org\springframework\spring-expression\5.0.8.RELEASE\spring-expression-5.0.8.RELEASE.jar;C:\Users\The_X\.m2\repository\org\springframework\boot\spring-boot-starter-thymeleaf\2.0.4.RELEASE\spring-boot-starter-thymeleaf-2.0.4.RELEASE.jar;C:\Users\The_X\.m2\repository\org\thymeleaf\thymeleaf-spring5\3.0.9.RELEASE\thymeleaf-spring5-3.0.9.RELEASE.jar;C:\Users\The_X\.m2\repository\org\thymeleaf\thymeleaf\3.0.9.RELEASE\thymeleaf-3.0.9.RELEASE.jar;C:\Users\The_X\.m2\repository\org\attoparser\attoparser\2.0.4.RELEASE\attoparser-2.0.4.RELEASE.jar;C:\Users\The_X\.m2\repository\org\unbescape\unbescape\1.1.5.RELEASE\unbescape-1.1.5.RELEASE.jar;C:\Users\The_X\.m2\repository\org\thymeleaf\extras\thymeleaf-extras-java8time\3.0.1.RELEASE\thymeleaf-extras-java8time-3.0.1.RELEASE.jar;C:\Users\The_X\.m2\repository\org\springframework\boot\spring-boot-starter-security\2.0.4.RELEASE\spring-boot-starter-security-2.0.4.RELEASE.jar;C:\Users\The_X\.m2\repository\org\springframework\spring-aop\5.0.8.RELEASE\spring-aop-5.0.8.RELEASE.jar;C:\Users\The_X\.m2\repository\org\springframework\security\spring-security-config\5.0.7.RELEASE\spring-security-config-5.0.7.RELEASE.jar;C:\Users\The_X\.m2\repository\org\springframework\security\spring-security-core\5.0.7.RELEASE\spring-security-core-5.0.7.RELEASE.jar;C:\Users\The_X\.m2\repository\org\springframework\security\spring-security-web\5.0.7.RELEASE\spring-security-web-5.0.7.RELEASE.jar;C:\Users\The_X\.m2\repository\org\springframework\boot\spring-boot-devtools\2.0.4.RELEASE\spring-boot-devtools-2.0.4.RELEASE.jar;C:\Users\The_X\.m2\repository\org\springframework\boot\spring-boot\2.0.4.RELEASE\spring-boot-2.0.4.RELEASE.jar;C:\Users\The_X\.m2\repository\org\springframework\boot\spring-boot-autoconfigure\2.0.4.RELEASE\spring-boot-autoconfigure-2.0.4.RELEASE.jar;C:\Users\The_X\.m2\repository\mysql\mysql-connector-java\5.1.46\mysql-connector-java-5.1.46.jar;C:\Users\The_X\.m2\repository\com\h2database\h2\1.4.197\h2-1.4.197.jar;C:\Users\The_X\.m2\repository\org\projectlombok\lombok\1.16.22\lombok-1.16.22.jar;C:\Users\The_X\.m2\repository\org\apache\logging\log4j\log4j-api\2.12.1\log4j-api-2.12.1.jar;C:\Users\The_X\.m2\repository\org\apache\logging\log4j\log4j-core\2.17.1\log4j-core-2.17.1.jar;, java.io.tmpdir=C:\Users\The_X\AppData\Local\Temp\, ibm.system.encoding=Cp1252, os.arch=amd64, java.awt.graphicsenv=sun.awt.Win32GraphicsEnvironment, ibm.signalhandling.rs=false, java.ext.dirs=C:\Program Files\Java\jdk-1.8.0_282\jre\lib\ext, user.dir=D:\Windows Users Directories\Documents\OpenClassroom\Dossier de Travail\Projet 7\Poseiden-skeleton, line.separator=
, java.vm.name=Eclipse OpenJ9 VM, com.ibm.oti.shared.enabled=false, com.ibm.vm.bitmode=64, basedir=D:\Windows Users Directories\Documents\OpenClassroom\Dossier de Travail\Projet 7\Poseiden-skeleton, file.encoding=Cp1252, java.specification.version=1.8, com.ibm.oti.configuration=scar}}, SystemEnvironmentPropertySource@792957024 {name='systemEnvironment', properties={PATH=C:\Python310\Scripts\;C:\Python310\;C:\Program Files (x86)\NVIDIA Corporation\PhysX\Common;C:\Program Files (x86)\Razer Chroma SDK\bin;C:\Program Files\Razer Chroma SDK\bin;C:\Program Files (x86)\Razer\ChromaBroadcast\bin;C:\Program Files\Razer\ChromaBroadcast\bin;C:\Program Files\Common Files\Oracle\Java\javapath;C:\Program Files (x86)\Common Files\Oracle\Java\javapath;C:\WINDOWS\system32;C:\WINDOWS;C:\WINDOWS\System32\Wbem;C:\WINDOWS\System32\WindowsPowerShell\v1.0\;C:\WINDOWS\System32\OpenSSH\;C:\Program Files\Git\cmd;C:\Program Files (x86)\Common Files\Acronis\VirtualFile\;C:\Program Files (x86)\Common Files\Acronis\VirtualFile64\;C:\Program Files (x86)\Common Files\Acronis\SnapAPI\;C:\Program Files\Java\jdk-16\bin;C:\Program Files\Java\jdk-1.8.0_282\bin;C:\WINDOWS\system32\config\systemprofile\AppData\Local\Microsoft\WindowsApps;C:\Program Files\Maven\apache-maven-3.8.1\bin;C:\Program Files\dotnet\;C:\Program Files\qemu;C:\WINDOWS\system32;C:\WINDOWS;C:\WINDOWS\System32\Wbem;C:\WINDOWS\System32\WindowsPowerShell\v1.0\;C:\WINDOWS\System32\OpenSSH\;C:\Program Files\nodejs\;C:\ProgramData\chocolatey\bin;C:\Program Files (x86)\dotnet\;C:\Program Files (x86)\Gpg4win\..\GnuPG\bin;C:\Users\The_X\AppData\Local\Microsoft\WindowsApps;C:\Users\The_X\AppData\Local\Programs\Microsoft VS Code\bin;C:\Users\The_X\AppData\Local\GitHubDesktop\bin;C:\Program Files\JetBrains\IntelliJ IDEA Community Edition 2020.3.2\bin;C:\Users\The_X\.dotnet\tools;C:\Users\The_X\AppData\Local\atom\bin;C:\Users\The_X\AppData\Local\gitkraken\bin;C:\Users\The_X\AppData\Roaming\npm;C:\Users\The_X\.dotnet\tools, USERDOMAIN_ROAMINGPROFILE=DESKTOP-7G56LRB, PROCESSOR_LEVEL=23, SYSTEMDRIVE=C:, SESSIONNAME=Console, ALLUSERSPROFILE=C:\ProgramData, PROCESSOR_ARCHITECTURE=AMD64, VSCODE_GIT_IPC_HANDLE=\\.\pipe\vscode-git-c85fc508e9-sock, DRIVERDATA=C:\Windows\System32\Drivers\DriverData, MAVEN_HOME=C:\Program Files\Maven\apache-maven-3.8.1\bin\.., PROGRAMFILES=C:\Program Files, COLORTERM=truecolor, PSMODULEPATH=D:\Windows Users Directories\Documents\WindowsPowerShell\Modules;C:\Program Files\WindowsPowerShell\Modules;C:\WINDOWS\system32\WindowsPowerShell\v1.0\Modules;C:\Program Files\Intel\Wired Networking\, PROGRAMDATA=C:\ProgramData, CHOCOLATEYLASTPATHUPDATE=132827609035499615, USERNAME=The_X, VSCODE_GIT_ASKPASS_NODE=C:\Users\The_X\AppData\Local\Programs\Microsoft VS Code\Code.exe, TERM_PROGRAM_VERSION=1.66.0, GIT_ASKPASS=c:\Users\The_X\AppData\Local\Programs\Microsoft VS Code\resources\app\extensions\git\dist\askpass.sh, WDIR=D:\, CHROME_CRASHPAD_PIPE_NAME=\\.\pipe\crashpad_17660_IEADZUWFURJHTDYA, FPS_BROWSER_USER_PROFILE_STRING=Default, ONEDRIVE=C:\Users\The_X\OneDrive, PATHEXT=.COM;.EXE;.BAT;.CMD;.VBS;.VBE;.JS;.JSE;.WSF;.WSH;.MSC;.PY;.PYW;.CPL, ONEDRIVECONSUMER=C:\Users\The_X\OneDrive, CLASSWORLDS_JAR="C:\Program Files\Maven\apache-maven-3.8.1\bin\..\boot\plexus-classworlds-2.6.0.jar", WINDIR=C:\WINDOWS, ORIGINAL_XDG_CURRENT_DESKTOP=undefined, HOMEPATH=\Users\The_X, PROCESSOR_IDENTIFIER=AMD64 Family 23 Model 8 Stepping 2, AuthenticAMD, PUBLIC=C:\Users\Public, LOCALAPPDATA=C:\Users\The_X\AppData\Local, COMMONPROGRAMFILES(X86)=C:\Program Files (x86)\Common Files, USERDOMAIN=DESKTOP-7G56LRB, FPS_BROWSER_APP_PROFILE_STRING=Internet Explorer, LOGONSERVER=\\DESKTOP-7G56LRB, JAVA_HOME=C:\Program Files\Java\jdk-1.8.0_282, PROMPT=$P$G, PROGRAMFILES(X86)=C:\Program Files (x86), LANG=fr_FR.UTF-8, ERROR_CODE=0, EXEC_DIR=D:\Windows Users Directories\Documents\OpenClassroom\Dossier de Travail\Projet 7\Poseiden-skeleton, VSCODE_GIT_ASKPASS_MAIN=c:\Users\The_X\AppData\Local\Programs\Microsoft VS Code\resources\app\extensions\git\dist\askpass-main.js, BESIEGE_UNITY_ASSEMBLIES=D:/Games/Steam/steamapps/common/Besiege/Besiege_Data\Managed/, APPDATA=C:\Users\The_X\AppData\Roaming, PROGRAMW6432=C:\Program Files, SYSTEMROOT=C:\WINDOWS, CHOCOLATEYINSTALL=C:\ProgramData\chocolatey, VSCODE_GIT_ASKPASS_EXTRA_ARGS=--ms-enable-electron-run-as-node, BESIEGE_GAME_ASSEMBLIES=D:/Games/Steam/steamapps/common/Besiege/Besiege_Data\Managed/, MAVEN_CMD_LINE_ARGS=clean install, VBOX_MSI_INSTALL_PATH=C:\Program Files\Oracle\VirtualBox\, OS=Windows_NT, TERM_PROGRAM=vscode, COMMONPROGRAMW6432=C:\Program Files\Common Files, COMPUTERNAME=DESKTOP-7G56LRB, INTELLIJ IDEA COMMUNITY EDITION=C:\Program Files\JetBrains\IntelliJ IDEA Community Edition 2020.3.2\bin;, COMMONPROGRAMFILES=C:\Program Files\Common Files, COMSPEC=C:\WINDOWS\system32\cmd.exe, AMDRMPATH=C:\Program Files\AMD\RyzenMaster\, JAVACMD=C:\Program Files\Java\jdk-1.8.0_282\bin\java.exe, MAVEN_PROJECTBASEDIR=D:\Windows Users Directories\Documents\OpenClassroom\Dossier de Travail\Projet 7\Poseiden-skeleton, PROCESSOR_REVISION=0802, DEPOT_TOOLS_WIN_TOOLCHAIN=0, CLASSWORLDS_LAUNCHER=org.codehaus.plexus.classworlds.launcher.Launcher, =D:=D:\Windows Users Directories\Documents\OpenClassroom\Dossier de Travail\Projet 7\Poseiden-skeleton, TEMP=C:\Users\The_X\AppData\Local\Temp, HOMEDRIVE=C:, USERPROFILE=C:\Users\The_X, TMP=C:\Users\The_X\AppData\Local\Temp, NUMBER_OF_PROCESSORS=12, JVMCONFIG=\.mvn\jvm.config}}]
20:13:12.207 [main] DEBUG org.springframework.core.io.support.PathMatchingResourcePatternResolver - Resolved classpath location [com/nnk/springboot/] to resources [URL [file:/D:/Windows%20Users%20Directories/Documents/OpenClassroom/Dossier%20de%20Travail/Projet%207/Poseiden-skeleton/target/test-classes/com/nnk/springboot/], URL [file:/D:/Windows%20Users%20Directories/Documents/OpenClassroom/Dossier%20de%20Travail/Projet%207/Poseiden-skeleton/target/classes/com/nnk/springboot/]]
20:13:12.207 [main] DEBUG org.springframework.core.io.support.PathMatchingResourcePatternResolver - Looking for matching resources in directory tree [D:\Windows Users Directories\Documents\OpenClassroom\Dossier de Travail\Projet 7\Poseiden-skeleton\target\test-classes\com\nnk\springboot]
20:13:12.208 [main] DEBUG org.springframework.core.io.support.PathMatchingResourcePatternResolver - Searching directory [D:\Windows Users Directories\Documents\OpenClassroom\Dossier de Travail\Projet 7\Poseiden-skeleton\target\test-classes\com\nnk\springboot] for files matching pattern [D:/Windows Users Directories/Documents/OpenClassroom/Dossier de Travail/Projet 7/Poseiden-skeleton/target/test-classes/com/nnk/springboot/*.class]
20:13:12.213 [main] DEBUG org.springframework.core.io.support.PathMatchingResourcePatternResolver - Looking for matching resources in directory tree [D:\Windows Users Directories\Documents\OpenClassroom\Dossier de Travail\Projet 7\Poseiden-skeleton\target\classes\com\nnk\springboot]
20:13:12.213 [main] DEBUG org.springframework.core.io.support.PathMatchingResourcePatternResolver - Searching directory [D:\Windows Users Directories\Documents\OpenClassroom\Dossier de Travail\Projet 7\Poseiden-skeleton\target\classes\com\nnk\springboot] for files matching pattern [D:/Windows Users Directories/Documents/OpenClassroom/Dossier de Travail/Projet 7/Poseiden-skeleton/target/classes/com/nnk/springboot/*.class]
20:13:12.215 [main] DEBUG org.springframework.core.io.support.PathMatchingResourcePatternResolver - Resolved location pattern [classpath*:com/nnk/springboot/*.class] to resources [file [D:\Windows Users Directories\Documents\OpenClassroom\Dossier de Travail\Projet 7\Poseiden-skeleton\target\test-classes\com\nnk\springboot\BidTests.class], file [D:\Windows Users Directories\Documents\OpenClassroom\Dossier de Travail\Projet 7\Poseiden-skeleton\target\test-classes\com\nnk\springboot\CurvePointTests.class], file [D:\Windows Users Directories\Documents\OpenClassroom\Dossier de Travail\Projet 7\Poseiden-skeleton\target\test-classes\com\nnk\springboot\PasswordEncodeTest.class], file [D:\Windows Users Directories\Documents\OpenClassroom\Dossier de Travail\Projet 7\Poseiden-skeleton\target\test-classes\com\nnk\springboot\RatingTests.class], file [D:\Windows Users Directories\Documents\OpenClassroom\Dossier de Travail\Projet 7\Poseiden-skeleton\target\test-classes\com\nnk\springboot\RuleTests.class], file [D:\Windows Users Directories\Documents\OpenClassroom\Dossier de Travail\Projet 7\Poseiden-skeleton\target\test-classes\com\nnk\springboot\TradeTests.class], file [D:\Windows Users Directories\Documents\OpenClassroom\Dossier de Travail\Projet 7\Poseiden-skeleton\target\classes\com\nnk\springboot\Application.class]]
20:13:12.288 [main] DEBUG org.springframework.context.annotation.ClassPathScanningCandidateComponentProvider - Identified candidate component class: file [D:\Windows Users Directories\Documents\OpenClassroom\Dossier de Travail\Projet 7\Poseiden-skeleton\target\classes\com\nnk\springboot\Application.class]
20:13:12.290 [main] INFO org.springframework.boot.test.context.SpringBootTestContextBootstrapper - Found @SpringBootConfiguration com.nnk.springboot.Application for test class com.nnk.springboot.BidTests
20:13:12.465 [main] DEBUG org.springframework.boot.test.context.SpringBootTestContextBootstrapper - @TestExecutionListeners is not present for class [com.nnk.springboot.BidTests]: using defaults.
20:13:12.466 [main] INFO org.springframework.boot.test.context.SpringBootTestContextBootstrapper - Loaded default TestExecutionListener class names from location [META-INF/spring.factories]: [org.springframework.boot.test.mock.mockito.MockitoTestExecutionListener, org.springframework.boot.test.mock.mockito.ResetMocksTestExecutionListener, org.springframework.boot.test.autoconfigure.restdocs.RestDocsTestExecutionListener, org.springframework.boot.test.autoconfigure.web.client.MockRestServiceServerResetTestExecutionListener, org.springframework.boot.test.autoconfigure.web.servlet.MockMvcPrintOnlyOnFailureTestExecutionListener, org.springframework.boot.test.autoconfigure.web.servlet.WebDriverTestExecutionListener, org.springframework.test.context.web.ServletTestExecutionListener, org.springframework.test.context.support.DirtiesContextBeforeModesTestExecutionListener, org.springframework.test.context.support.DependencyInjectionTestExecutionListener, org.springframework.test.context.support.DirtiesContextTestExecutionListener, org.springframework.test.context.transaction.TransactionalTestExecutionListener, org.springframework.test.context.jdbc.SqlScriptsTestExecutionListener]
20:13:12.503 [main] INFO org.springframework.boot.test.context.SpringBootTestContextBootstrapper - Using TestExecutionListeners: [org.springframework.test.context.web.ServletTestExecutionListener@21f578b9, org.springframework.test.context.support.DirtiesContextBeforeModesTestExecutionListener@9da58360, org.springframework.boot.test.mock.mockito.MockitoTestExecutionListener@3a0fc090, org.springframework.boot.test.autoconfigure.SpringBootDependencyInjectionTestExecutionListener@f98d7dfd, org.springframework.test.context.support.DirtiesContextTestExecutionListener@610e916a, org.springframework.test.context.transaction.TransactionalTestExecutionListener@b30ddc99, org.springframework.test.context.jdbc.SqlScriptsTestExecutionListener@bc0b6db3, org.springframework.boot.test.mock.mockito.ResetMocksTestExecutionListener@84cfa561, org.springframework.boot.test.autoconfigure.restdocs.RestDocsTestExecutionListener@2ed57a7c, org.springframework.boot.test.autoconfigure.web.client.MockRestServiceServerResetTestExecutionListener@e6c20371, org.springframework.boot.test.autoconfigure.web.servlet.MockMvcPrintOnlyOnFailureTestExecutionListener@aae28e10, org.springframework.boot.test.autoconfigure.web.servlet.WebDriverTestExecutionListener@6831ac21]
20:13:12.505 [main] DEBUG org.springframework.test.annotation.ProfileValueUtils - Retrieved @ProfileValueSourceConfiguration [null] for test class [com.nnk.springboot.BidTests]
20:13:12.506 [main] DEBUG org.springframework.test.annotation.ProfileValueUtils - Retrieved ProfileValueSource type [class org.springframework.test.annotation.SystemProfileValueSource] for class [com.nnk.springboot.BidTests]
20:13:12.507 [main] DEBUG org.springframework.test.annotation.ProfileValueUtils - Retrieved @ProfileValueSourceConfiguration [null] for test class [com.nnk.springboot.BidTests]
20:13:12.508 [main] DEBUG org.springframework.test.annotation.ProfileValueUtils - Retrieved ProfileValueSource type [class org.springframework.test.annotation.SystemProfileValueSource] for class [com.nnk.springboot.BidTests]
20:13:12.510 [main] DEBUG org.springframework.test.annotation.ProfileValueUtils - Retrieved @ProfileValueSourceConfiguration [null] for test class [com.nnk.springboot.BidTests]
20:13:12.510 [main] DEBUG org.springframework.test.annotation.ProfileValueUtils - Retrieved ProfileValueSource type [class org.springframework.test.annotation.SystemProfileValueSource] for class [com.nnk.springboot.BidTests]
20:13:12.518 [main] DEBUG org.springframework.test.context.support.AbstractDirtiesContextTestExecutionListener - Before test class: context [DefaultTestContext@97ba5dde testClass = BidTests, testInstance = [null], testMethod = [null], testException = [null], mergedContextConfiguration = [WebMergedContextConfiguration@9582548b testClass = BidTests, locations = '{}', classes = '{class com.nnk.springboot.Application}', contextInitializerClasses = '[]', activeProfiles = '{}', propertySourceLocations = '{}', propertySourceProperties = '{org.springframework.boot.test.context.SpringBootTestContextBootstrapper=true}', contextCustomizers = set[org.springframework.boot.test.context.filter.ExcludeFilterContextCustomizer@706994f6, org.springframework.boot.test.json.DuplicateJsonObjectContextCustomizerFactory$DuplicateJsonObjectContextCustomizer@7996095e, org.springframework.boot.test.mock.mockito.MockitoContextCustomizer@0, org.springframework.boot.test.web.client.TestRestTemplateContextCustomizer@885e8cc1, org.springframework.boot.test.autoconfigure.properties.PropertyMappingContextCustomizer@0, org.springframework.boot.test.autoconfigure.web.servlet.WebDriverContextCustomizerFactory$Customizer@41694dec], resourceBasePath = 'src/main/webapp', contextLoader = 'org.springframework.boot.test.context.SpringBootContextLoader', parent = [null]], attributes = map['org.springframework.test.context.web.ServletTestExecutionListener.activateListener' -> true]], class annotated with @DirtiesContext [false] with mode [null].
20:13:12.519 [main] DEBUG org.springframework.test.annotation.ProfileValueUtils - Retrieved @ProfileValueSourceConfiguration [null] for test class [com.nnk.springboot.BidTests]
20:13:12.520 [main] DEBUG org.springframework.test.annotation.ProfileValueUtils - Retrieved ProfileValueSource type [class org.springframework.test.annotation.SystemProfileValueSource] for class [com.nnk.springboot.BidTests]
20:13:12.558 [main] DEBUG org.springframework.core.env.StandardEnvironment - Adding PropertySource 'systemProperties' with lowest search precedence
20:13:12.559 [main] DEBUG org.springframework.core.env.StandardEnvironment - Adding PropertySource 'systemEnvironment' with lowest search precedence
20:13:12.561 [main] DEBUG org.springframework.core.env.StandardEnvironment - Initialized StandardEnvironment with PropertySources [MapPropertySource@1383589195 {name='systemProperties', properties={java.vendor=AdoptOpenJDK, localRepository=C:\Users\The_X\.m2\repository, sun.java.launcher=SUN_STANDARD, os.name=Windows 8.1, sun.boot.class.path=C:\Program Files\Java\jdk-1.8.0_282\jre\bin\compressedrefs\jclSC180\vm.jar;C:\Program Files\Java\jdk-1.8.0_282\jre\lib\se-service.jar;C:\Program Files\Java\jdk-1.8.0_282\jre\lib\rt.jar;C:\Program Files\Java\jdk-1.8.0_282\jre\lib\resources.jar;C:\Program Files\Java\jdk-1.8.0_282\jre\lib\jsse.jar;C:\Program Files\Java\jdk-1.8.0_282\jre\lib\charsets.jar;C:\Program Files\Java\jdk-1.8.0_282\jre\lib\jce.jar, sun.desktop=windows, java.vm.specification.vendor=Oracle Corporation, java.runtime.version=1.8.0_282-b08, user.name=The_X, java.compiler=j9jit29, os.encoding=UTF8, com.ibm.util.extralibs.properties=, com.ibm.jcl.checkClassPath=, user.language=fr, com.ibm.oti.vm.bootstrap.library.path=C:\Program Files\Java\jdk-1.8.0_282\jre\bin\compressedrefs;C:\Program Files\Java\jdk-1.8.0_282\jre\bin, sun.boot.library.path=C:\Program Files\Java\jdk-1.8.0_282\jre\bin\compressedrefs;C:\Program Files\Java\jdk-1.8.0_282\jre\bin, jdk.extensions.version=8.0.282.0, java.version=1.8.0_282, user.timezone=Europe/Paris, com.ibm.system.agent.path=C:\Program Files\Java\jdk-1.8.0_282\jre\bin, sun.arch.data.model=64, com.ibm.zero.version=2, java.endorsed.dirs=C:\Program Files\Java\jdk-1.8.0_282\jre\lib\endorsed, com.ibm.oti.vm.library.version=29, sun.jnu.encoding=Cp1252, file.encoding.pkg=sun.io, file.separator=\, java.specification.name=Java Platform API Specification, java.class.version=52.0, user.country=FR, java.home=C:\Program Files\Java\jdk-1.8.0_282\jre, java.vm.info=JRE 1.8.0 Windows 8.1 amd64-64-Bit Compressed References 20210120_972 (JIT enabled, AOT enabled)
OpenJ9   - 345e1b09e
OMR      - 741e94ea8
JCL      - ab07c6a8fd based on jdk8u282-b08, os.version=6.3, surefire.real.class.path=C:\Users\The_X\AppData\Local\Temp\surefire1515200812798236581\surefirebooter616463972844095706.jar, java.awt.fonts=, path.separator=;, java.vm.version=openj9-0.24.0, user.variant=, java.awt.printerjob=sun.awt.windows.WPrinterJob, jdk.extensions.name=Extensions for OpenJDK for Eclipse OpenJ9, sun.io.unicode.encoding=UnicodeLittle, awt.toolkit=sun.awt.windows.WToolkit, ibm.signalhandling.sigint=true, user.home=C:\Users\The_X, com.ibm.cpu.endian=little, java.specification.vendor=Oracle Corporation, ibm.signalhandling.sigchain=true, java.library.path=C:\Program Files\Java\jdk-1.8.0_282\jre\bin\compressedrefs;C:\Program Files\Java\jdk-1.8.0_282\jre\bin;C:\WINDOWS\system32;C:\WINDOWS;C:\Python310\Scripts\;C:\Python310\;C:\Program Files (x86)\NVIDIA Corporation\PhysX\Common;C:\Program Files (x86)\Razer Chroma SDK\bin;C:\Program Files\Razer Chroma SDK\bin;C:\Program Files (x86)\Razer\ChromaBroadcast\bin;C:\Program Files\Razer\ChromaBroadcast\bin;C:\Program Files\Common Files\Oracle\Java\javapath;C:\Program Files (x86)\Common Files\Oracle\Java\javapath;C:\WINDOWS\system32;C:\WINDOWS;C:\WINDOWS\System32\Wbem;C:\WINDOWS\System32\WindowsPowerShell\v1.0\;C:\WINDOWS\System32\OpenSSH\;C:\Program Files\Git\cmd;C:\Program Files (x86)\Common Files\Acronis\VirtualFile\;C:\Program Files (x86)\Common Files\Acronis\VirtualFile64\;C:\Program Files (x86)\Common Files\Acronis\SnapAPI\;C:\Program Files\Java\jdk-16\bin;C:\Program Files\Java\jdk-1.8.0_282\bin;C:\WINDOWS\system32\config\systemprofile\AppData\Local\Microsoft\WindowsApps;C:\Program Files\Maven\apache-maven-3.8.1\bin;C:\Program Files\dotnet\;C:\Program Files\qemu;C:\WINDOWS\system32;C:\WINDOWS;C:\WINDOWS\System32\Wbem;C:\WINDOWS\System32\WindowsPowerShell\v1.0\;C:\WINDOWS\System32\OpenSSH\;C:\Program Files\nodejs\;C:\ProgramData\chocolatey\bin;C:\Program Files (x86)\dotnet\;C:\Program Files (x86)\Gpg4win\..\GnuPG\bin;C:\Users\The_X\AppData\Local\Microsoft\WindowsApps;C:\Users\The_X\AppData\Local\Programs\Microsoft VS Code\bin;C:\Users\The_X\AppData\Local\GitHubDesktop\bin;C:\Program Files\JetBrains\IntelliJ IDEA Community Edition 2020.3.2\bin;C:\Users\The_X\.dotnet\tools;C:\Users\The_X\AppData\Local\atom\bin;C:\Users\The_X\AppData\Local\gitkraken\bin;C:\Users\The_X\AppData\Roaming\npm;C:\Users\The_X\.dotnet\tools;., java.vendor.url=https://adoptopenjdk.net/, java.vm.vendor=Eclipse OpenJ9, java.fullversion=1.8.0_282-b08
JRE 1.8.0 Windows 8.1 amd64-64-Bit Compressed References 20210120_972 (JIT enabled, AOT enabled)
OpenJ9   - 345e1b09e
OMR      - 741e94ea8
JCL      - ab07c6a8fd based on jdk8u282-b08, java.runtime.name=OpenJDK Runtime Environment, sun.java.command=C:\Users\The_X\AppData\Local\Temp\surefire1515200812798236581\surefirebooter616463972844095706.jar C:\Users\The_X\AppData\Local\Temp\surefire1515200812798236581 2022-04-04T20-13-10_266-jvmRun1 surefire2007953003167966189tmp surefire_06319732011073557260tmp, java.class.path=D:\Windows Users Directories\Documents\OpenClassroom\Dossier de Travail\Projet 7\Poseiden-skeleton\target\test-classes;D:\Windows Users Directories\Documents\OpenClassroom\Dossier de Travail\Projet 7\Poseiden-skeleton\target\classes;C:\Users\The_X\.m2\repository\org\springframework\boot\spring-boot-starter-test\2.0.4.RELEASE\spring-boot-starter-test-2.0.4.RELEASE.jar;C:\Users\The_X\.m2\repository\org\springframework\boot\spring-boot-starter\2.0.4.RELEASE\spring-boot-starter-2.0.4.RELEASE.jar;C:\Users\The_X\.m2\repository\org\springframework\boot\spring-boot-starter-logging\2.0.4.RELEASE\spring-boot-starter-logging-2.0.4.RELEASE.jar;C:\Users\The_X\.m2\repository\ch\qos\logback\logback-classic\1.2.3\logback-classic-1.2.3.jar;C:\Users\The_X\.m2\repository\ch\qos\logback\logback-core\1.2.3\logback-core-1.2.3.jar;C:\Users\The_X\.m2\repository\org\apache\logging\log4j\log4j-to-slf4j\2.10.0\log4j-to-slf4j-2.10.0.jar;C:\Users\The_X\.m2\repository\org\slf4j\jul-to-slf4j\1.7.25\jul-to-slf4j-1.7.25.jar;C:\Users\The_X\.m2\repository\javax\annotation\javax.annotation-api\1.3.2\javax.annotation-api-1.3.2.jar;C:\Users\The_X\.m2\repository\org\yaml\snakeyaml\1.19\snakeyaml-1.19.jar;C:\Users\The_X\.m2\repository\org\springframework\boot\spring-boot-test\2.0.4.RELEASE\spring-boot-test-2.0.4.RELEASE.jar;C:\Users\The_X\.m2\repository\org\springframework\boot\spring-boot-test-autoconfigure\2.0.4.RELEASE\spring-boot-test-autoconfigure-2.0.4.RELEASE.jar;C:\Users\The_X\.m2\repository\com\jayway\jsonpath\json-path\2.4.0\json-path-2.4.0.jar;C:\Users\The_X\.m2\repository\net\minidev\json-smart\2.3\json-smart-2.3.jar;C:\Users\The_X\.m2\repository\net\minidev\accessors-smart\1.2\accessors-smart-1.2.jar;C:\Users\The_X\.m2\repository\org\ow2\asm\asm\5.0.4\asm-5.0.4.jar;C:\Users\The_X\.m2\repository\org\slf4j\slf4j-api\1.7.25\slf4j-api-1.7.25.jar;C:\Users\The_X\.m2\repository\junit\junit\4.12\junit-4.12.jar;C:\Users\The_X\.m2\repository\org\assertj\assertj-core\3.9.1\assertj-core-3.9.1.jar;C:\Users\The_X\.m2\repository\org\mockito\mockito-core\2.15.0\mockito-core-2.15.0.jar;C:\Users\The_X\.m2\repository\net\bytebuddy\byte-buddy\1.7.11\byte-buddy-1.7.11.jar;C:\Users\The_X\.m2\repository\net\bytebuddy\byte-buddy-agent\1.7.11\byte-buddy-agent-1.7.11.jar;C:\Users\The_X\.m2\repository\org\objenesis\objenesis\2.6\objenesis-2.6.jar;C:\Users\The_X\.m2\repository\org\hamcrest\hamcrest-core\1.3\hamcrest-core-1.3.jar;C:\Users\The_X\.m2\repository\org\hamcrest\hamcrest-library\1.3\hamcrest-library-1.3.jar;C:\Users\The_X\.m2\repository\org\skyscreamer\jsonassert\1.5.0\jsonassert-1.5.0.jar;C:\Users\The_X\.m2\repository\com\vaadin\external\google\android-json\0.0.20131108.vaadin1\android-json-0.0.20131108.vaadin1.jar;C:\Users\The_X\.m2\repository\org\springframework\spring-core\5.0.8.RELEASE\spring-core-5.0.8.RELEASE.jar;C:\Users\The_X\.m2\repository\org\springframework\spring-jcl\5.0.8.RELEASE\spring-jcl-5.0.8.RELEASE.jar;C:\Users\The_X\.m2\repository\org\springframework\spring-test\5.0.8.RELEASE\spring-test-5.0.8.RELEASE.jar;C:\Users\The_X\.m2\repository\org\xmlunit\xmlunit-core\2.5.1\xmlunit-core-2.5.1.jar;C:\Users\The_X\.m2\repository\org\springframework\boot\spring-boot-starter-data-jpa\2.0.4.RELEASE\spring-boot-starter-data-jpa-2.0.4.RELEASE.jar;C:\Users\The_X\.m2\repository\org\springframework\boot\spring-boot-starter-aop\2.0.4.RELEASE\spring-boot-starter-aop-2.0.4.RELEASE.jar;C:\Users\The_X\.m2\repository\org\aspectj\aspectjweaver\1.8.13\aspectjweaver-1.8.13.jar;C:\Users\The_X\.m2\repository\org\springframework\boot\spring-boot-starter-jdbc\2.0.4.RELEASE\spring-boot-starter-jdbc-2.0.4.RELEASE.jar;C:\Users\The_X\.m2\repository\com\zaxxer\HikariCP\2.7.9\HikariCP-2.7.9.jar;C:\Users\The_X\.m2\repository\org\springframework\spring-jdbc\5.0.8.RELEASE\spring-jdbc-5.0.8.RELEASE.jar;C:\Users\The_X\.m2\repository\org\hibernate\hibernate-core\5.2.17.Final\hibernate-core-5.2.17.Final.jar;C:\Users\The_X\.m2\repository\org\jboss\logging\jboss-logging\3.3.2.Final\jboss-logging-3.3.2.Final.jar;C:\Users\The_X\.m2\repository\org\hibernate\javax\persistence\hibernate-jpa-2.1-api\1.0.2.Final\hibernate-jpa-2.1-api-1.0.2.Final.jar;C:\Users\The_X\.m2\repository\org\javassist\javassist\3.22.0-GA\javassist-3.22.0-GA.jar;C:\Users\The_X\.m2\repository\antlr\antlr\2.7.7\antlr-2.7.7.jar;C:\Users\The_X\.m2\repository\org\jboss\jandex\2.0.3.Final\jandex-2.0.3.Final.jar;C:\Users\The_X\.m2\repository\com\fasterxml\classmate\1.3.4\classmate-1.3.4.jar;C:\Users\The_X\.m2\repository\dom4j\dom4j\1.6.1\dom4j-1.6.1.jar;C:\Users\The_X\.m2\repository\org\hibernate\common\hibernate-commons-annotations\5.0.1.Final\hibernate-commons-annotations-5.0.1.Final.jar;C:\Users\The_X\.m2\repository\javax\transaction\javax.transaction-api\1.2\javax.transaction-api-1.2.jar;C:\Users\The_X\.m2\repository\org\springframework\data\spring-data-jpa\2.0.9.RELEASE\spring-data-jpa-2.0.9.RELEASE.jar;C:\Users\The_X\.m2\repository\org\springframework\data\spring-data-commons\2.0.9.RELEASE\spring-data-commons-2.0.9.RELEASE.jar;C:\Users\The_X\.m2\repository\org\springframework\spring-orm\5.0.8.RELEASE\spring-orm-5.0.8.RELEASE.jar;C:\Users\The_X\.m2\repository\org\springframework\spring-context\5.0.8.RELEASE\spring-context-5.0.8.RELEASE.jar;C:\Users\The_X\.m2\repository\org\springframework\spring-tx\5.0.8.RELEASE\spring-tx-5.0.8.RELEASE.jar;C:\Users\The_X\.m2\repository\org\springframework\spring-beans\5.0.8.RELEASE\spring-beans-5.0.8.RELEASE.jar;C:\Users\The_X\.m2\repository\org\springframework\spring-aspects\5.0.8.RELEASE\spring-aspects-5.0.8.RELEASE.jar;C:\Users\The_X\.m2\repository\org\springframework\boot\spring-boot-starter-web\2.0.4.RELEASE\spring-boot-starter-web-2.0.4.RELEASE.jar;C:\Users\The_X\.m2\repository\org\springframework\boot\spring-boot-starter-json\2.0.4.RELEASE\spring-boot-starter-json-2.0.4.RELEASE.jar;C:\Users\The_X\.m2\repository\com\fasterxml\jackson\core\jackson-databind\2.9.6\jackson-databind-2.9.6.jar;C:\Users\The_X\.m2\repository\com\fasterxml\jackson\core\jackson-annotations\2.9.0\jackson-annotations-2.9.0.jar;C:\Users\The_X\.m2\repository\com\fasterxml\jackson\core\jackson-core\2.9.6\jackson-core-2.9.6.jar;C:\Users\The_X\.m2\repository\com\fasterxml\jackson\datatype\jackson-datatype-jdk8\2.9.6\jackson-datatype-jdk8-2.9.6.jar;C:\Users\The_X\.m2\repository\com\fasterxml\jackson\datatype\jackson-datatype-jsr310\2.9.6\jackson-datatype-jsr310-2.9.6.jar;C:\Users\The_X\.m2\repository\com\fasterxml\jackson\module\jackson-module-parameter-names\2.9.6\jackson-module-parameter-names-2.9.6.jar;C:\Users\The_X\.m2\repository\org\springframework\boot\spring-boot-starter-tomcat\2.0.4.RELEASE\spring-boot-starter-tomcat-2.0.4.RELEASE.jar;C:\Users\The_X\.m2\repository\org\apache\tomcat\embed\tomcat-embed-core\8.5.32\tomcat-embed-core-8.5.32.jar;C:\Users\The_X\.m2\repository\org\apache\tomcat\embed\tomcat-embed-el\8.5.32\tomcat-embed-el-8.5.32.jar;C:\Users\The_X\.m2\repository\org\apache\tomcat\embed\tomcat-embed-websocket\8.5.32\tomcat-embed-websocket-8.5.32.jar;C:\Users\The_X\.m2\repository\org\hibernate\validator\hibernate-validator\6.0.11.Final\hibernate-validator-6.0.11.Final.jar;C:\Users\The_X\.m2\repository\javax\validation\validation-api\2.0.1.Final\validation-api-2.0.1.Final.jar;C:\Users\The_X\.m2\repository\org\springframework\spring-web\5.0.8.RELEASE\spring-web-5.0.8.RELEASE.jar;C:\Users\The_X\.m2\repository\org\springframework\spring-webmvc\5.0.8.RELEASE\spring-webmvc-5.0.8.RELEASE.jar;C:\Users\The_X\.m2\repository\org\springframework\spring-expression\5.0.8.RELEASE\spring-expression-5.0.8.RELEASE.jar;C:\Users\The_X\.m2\repository\org\springframework\boot\spring-boot-starter-thymeleaf\2.0.4.RELEASE\spring-boot-starter-thymeleaf-2.0.4.RELEASE.jar;C:\Users\The_X\.m2\repository\org\thymeleaf\thymeleaf-spring5\3.0.9.RELEASE\thymeleaf-spring5-3.0.9.RELEASE.jar;C:\Users\The_X\.m2\repository\org\thymeleaf\thymeleaf\3.0.9.RELEASE\thymeleaf-3.0.9.RELEASE.jar;C:\Users\The_X\.m2\repository\org\attoparser\attoparser\2.0.4.RELEASE\attoparser-2.0.4.RELEASE.jar;C:\Users\The_X\.m2\repository\org\unbescape\unbescape\1.1.5.RELEASE\unbescape-1.1.5.RELEASE.jar;C:\Users\The_X\.m2\repository\org\thymeleaf\extras\thymeleaf-extras-java8time\3.0.1.RELEASE\thymeleaf-extras-java8time-3.0.1.RELEASE.jar;C:\Users\The_X\.m2\repository\org\springframework\boot\spring-boot-starter-security\2.0.4.RELEASE\spring-boot-starter-security-2.0.4.RELEASE.jar;C:\Users\The_X\.m2\repository\org\springframework\spring-aop\5.0.8.RELEASE\spring-aop-5.0.8.RELEASE.jar;C:\Users\The_X\.m2\repository\org\springframework\security\spring-security-config\5.0.7.RELEASE\spring-security-config-5.0.7.RELEASE.jar;C:\Users\The_X\.m2\repository\org\springframework\security\spring-security-core\5.0.7.RELEASE\spring-security-core-5.0.7.RELEASE.jar;C:\Users\The_X\.m2\repository\org\springframework\security\spring-security-web\5.0.7.RELEASE\spring-security-web-5.0.7.RELEASE.jar;C:\Users\The_X\.m2\repository\org\springframework\boot\spring-boot-devtools\2.0.4.RELEASE\spring-boot-devtools-2.0.4.RELEASE.jar;C:\Users\The_X\.m2\repository\org\springframework\boot\spring-boot\2.0.4.RELEASE\spring-boot-2.0.4.RELEASE.jar;C:\Users\The_X\.m2\repository\org\springframework\boot\spring-boot-autoconfigure\2.0.4.RELEASE\spring-boot-autoconfigure-2.0.4.RELEASE.jar;C:\Users\The_X\.m2\repository\mysql\mysql-connector-java\5.1.46\mysql-connector-java-5.1.46.jar;C:\Users\The_X\.m2\repository\com\h2database\h2\1.4.197\h2-1.4.197.jar;C:\Users\The_X\.m2\repository\org\projectlombok\lombok\1.16.22\lombok-1.16.22.jar;C:\Users\The_X\.m2\repository\org\apache\logging\log4j\log4j-api\2.12.1\log4j-api-2.12.1.jar;C:\Users\The_X\.m2\repository\org\apache\logging\log4j\log4j-core\2.17.1\log4j-core-2.17.1.jar;, java.vm.specification.name=Java Virtual Machine Specification, java.vm.specification.version=1.8, sun.cpu.endian=little, surefire.test.class.path=D:\Windows Users Directories\Documents\OpenClassroom\Dossier de Travail\Projet 7\Poseiden-skeleton\target\test-classes;D:\Windows Users Directories\Documents\OpenClassroom\Dossier de Travail\Projet 7\Poseiden-skeleton\target\classes;C:\Users\The_X\.m2\repository\org\springframework\boot\spring-boot-starter-test\2.0.4.RELEASE\spring-boot-starter-test-2.0.4.RELEASE.jar;C:\Users\The_X\.m2\repository\org\springframework\boot\spring-boot-starter\2.0.4.RELEASE\spring-boot-starter-2.0.4.RELEASE.jar;C:\Users\The_X\.m2\repository\org\springframework\boot\spring-boot-starter-logging\2.0.4.RELEASE\spring-boot-starter-logging-2.0.4.RELEASE.jar;C:\Users\The_X\.m2\repository\ch\qos\logback\logback-classic\1.2.3\logback-classic-1.2.3.jar;C:\Users\The_X\.m2\repository\ch\qos\logback\logback-core\1.2.3\logback-core-1.2.3.jar;C:\Users\The_X\.m2\repository\org\apache\logging\log4j\log4j-to-slf4j\2.10.0\log4j-to-slf4j-2.10.0.jar;C:\Users\The_X\.m2\repository\org\slf4j\jul-to-slf4j\1.7.25\jul-to-slf4j-1.7.25.jar;C:\Users\The_X\.m2\repository\javax\annotation\javax.annotation-api\1.3.2\javax.annotation-api-1.3.2.jar;C:\Users\The_X\.m2\repository\org\yaml\snakeyaml\1.19\snakeyaml-1.19.jar;C:\Users\The_X\.m2\repository\org\springframework\boot\spring-boot-test\2.0.4.RELEASE\spring-boot-test-2.0.4.RELEASE.jar;C:\Users\The_X\.m2\repository\org\springframework\boot\spring-boot-test-autoconfigure\2.0.4.RELEASE\spring-boot-test-autoconfigure-2.0.4.RELEASE.jar;C:\Users\The_X\.m2\repository\com\jayway\jsonpath\json-path\2.4.0\json-path-2.4.0.jar;C:\Users\The_X\.m2\repository\net\minidev\json-smart\2.3\json-smart-2.3.jar;C:\Users\The_X\.m2\repository\net\minidev\accessors-smart\1.2\accessors-smart-1.2.jar;C:\Users\The_X\.m2\repository\org\ow2\asm\asm\5.0.4\asm-5.0.4.jar;C:\Users\The_X\.m2\repository\org\slf4j\slf4j-api\1.7.25\slf4j-api-1.7.25.jar;C:\Users\The_X\.m2\repository\junit\junit\4.12\junit-4.12.jar;C:\Users\The_X\.m2\repository\org\assertj\assertj-core\3.9.1\assertj-core-3.9.1.jar;C:\Users\The_X\.m2\repository\org\mockito\mockito-core\2.15.0\mockito-core-2.15.0.jar;C:\Users\The_X\.m2\repository\net\bytebuddy\byte-buddy\1.7.11\byte-buddy-1.7.11.jar;C:\Users\The_X\.m2\repository\net\bytebuddy\byte-buddy-agent\1.7.11\byte-buddy-agent-1.7.11.jar;C:\Users\The_X\.m2\repository\org\objenesis\objenesis\2.6\objenesis-2.6.jar;C:\Users\The_X\.m2\repository\org\hamcrest\hamcrest-core\1.3\hamcrest-core-1.3.jar;C:\Users\The_X\.m2\repository\org\hamcrest\hamcrest-library\1.3\hamcrest-library-1.3.jar;C:\Users\The_X\.m2\repository\org\skyscreamer\jsonassert\1.5.0\jsonassert-1.5.0.jar;C:\Users\The_X\.m2\repository\com\vaadin\external\google\android-json\0.0.20131108.vaadin1\android-json-0.0.20131108.vaadin1.jar;C:\Users\The_X\.m2\repository\org\springframework\spring-core\5.0.8.RELEASE\spring-core-5.0.8.RELEASE.jar;C:\Users\The_X\.m2\repository\org\springframework\spring-jcl\5.0.8.RELEASE\spring-jcl-5.0.8.RELEASE.jar;C:\Users\The_X\.m2\repository\org\springframework\spring-test\5.0.8.RELEASE\spring-test-5.0.8.RELEASE.jar;C:\Users\The_X\.m2\repository\org\xmlunit\xmlunit-core\2.5.1\xmlunit-core-2.5.1.jar;C:\Users\The_X\.m2\repository\org\springframework\boot\spring-boot-starter-data-jpa\2.0.4.RELEASE\spring-boot-starter-data-jpa-2.0.4.RELEASE.jar;C:\Users\The_X\.m2\repository\org\springframework\boot\spring-boot-starter-aop\2.0.4.RELEASE\spring-boot-starter-aop-2.0.4.RELEASE.jar;C:\Users\The_X\.m2\repository\org\aspectj\aspectjweaver\1.8.13\aspectjweaver-1.8.13.jar;C:\Users\The_X\.m2\repository\org\springframework\boot\spring-boot-starter-jdbc\2.0.4.RELEASE\spring-boot-starter-jdbc-2.0.4.RELEASE.jar;C:\Users\The_X\.m2\repository\com\zaxxer\HikariCP\2.7.9\HikariCP-2.7.9.jar;C:\Users\The_X\.m2\repository\org\springframework\spring-jdbc\5.0.8.RELEASE\spring-jdbc-5.0.8.RELEASE.jar;C:\Users\The_X\.m2\repository\org\hibernate\hibernate-core\5.2.17.Final\hibernate-core-5.2.17.Final.jar;C:\Users\The_X\.m2\repository\org\jboss\logging\jboss-logging\3.3.2.Final\jboss-logging-3.3.2.Final.jar;C:\Users\The_X\.m2\repository\org\hibernate\javax\persistence\hibernate-jpa-2.1-api\1.0.2.Final\hibernate-jpa-2.1-api-1.0.2.Final.jar;C:\Users\The_X\.m2\repository\org\javassist\javassist\3.22.0-GA\javassist-3.22.0-GA.jar;C:\Users\The_X\.m2\repository\antlr\antlr\2.7.7\antlr-2.7.7.jar;C:\Users\The_X\.m2\repository\org\jboss\jandex\2.0.3.Final\jandex-2.0.3.Final.jar;C:\Users\The_X\.m2\repository\com\fasterxml\classmate\1.3.4\classmate-1.3.4.jar;C:\Users\The_X\.m2\repository\dom4j\dom4j\1.6.1\dom4j-1.6.1.jar;C:\Users\The_X\.m2\repository\org\hibernate\common\hibernate-commons-annotations\5.0.1.Final\hibernate-commons-annotations-5.0.1.Final.jar;C:\Users\The_X\.m2\repository\javax\transaction\javax.transaction-api\1.2\javax.transaction-api-1.2.jar;C:\Users\The_X\.m2\repository\org\springframework\data\spring-data-jpa\2.0.9.RELEASE\spring-data-jpa-2.0.9.RELEASE.jar;C:\Users\The_X\.m2\repository\org\springframework\data\spring-data-commons\2.0.9.RELEASE\spring-data-commons-2.0.9.RELEASE.jar;C:\Users\The_X\.m2\repository\org\springframework\spring-orm\5.0.8.RELEASE\spring-orm-5.0.8.RELEASE.jar;C:\Users\The_X\.m2\repository\org\springframework\spring-context\5.0.8.RELEASE\spring-context-5.0.8.RELEASE.jar;C:\Users\The_X\.m2\repository\org\springframework\spring-tx\5.0.8.RELEASE\spring-tx-5.0.8.RELEASE.jar;C:\Users\The_X\.m2\repository\org\springframework\spring-beans\5.0.8.RELEASE\spring-beans-5.0.8.RELEASE.jar;C:\Users\The_X\.m2\repository\org\springframework\spring-aspects\5.0.8.RELEASE\spring-aspects-5.0.8.RELEASE.jar;C:\Users\The_X\.m2\repository\org\springframework\boot\spring-boot-starter-web\2.0.4.RELEASE\spring-boot-starter-web-2.0.4.RELEASE.jar;C:\Users\The_X\.m2\repository\org\springframework\boot\spring-boot-starter-json\2.0.4.RELEASE\spring-boot-starter-json-2.0.4.RELEASE.jar;C:\Users\The_X\.m2\repository\com\fasterxml\jackson\core\jackson-databind\2.9.6\jackson-databind-2.9.6.jar;C:\Users\The_X\.m2\repository\com\fasterxml\jackson\core\jackson-annotations\2.9.0\jackson-annotations-2.9.0.jar;C:\Users\The_X\.m2\repository\com\fasterxml\jackson\core\jackson-core\2.9.6\jackson-core-2.9.6.jar;C:\Users\The_X\.m2\repository\com\fasterxml\jackson\datatype\jackson-datatype-jdk8\2.9.6\jackson-datatype-jdk8-2.9.6.jar;C:\Users\The_X\.m2\repository\com\fasterxml\jackson\datatype\jackson-datatype-jsr310\2.9.6\jackson-datatype-jsr310-2.9.6.jar;C:\Users\The_X\.m2\repository\com\fasterxml\jackson\module\jackson-module-parameter-names\2.9.6\jackson-module-parameter-names-2.9.6.jar;C:\Users\The_X\.m2\repository\org\springframework\boot\spring-boot-starter-tomcat\2.0.4.RELEASE\spring-boot-starter-tomcat-2.0.4.RELEASE.jar;C:\Users\The_X\.m2\repository\org\apache\tomcat\embed\tomcat-embed-core\8.5.32\tomcat-embed-core-8.5.32.jar;C:\Users\The_X\.m2\repository\org\apache\tomcat\embed\tomcat-embed-el\8.5.32\tomcat-embed-el-8.5.32.jar;C:\Users\The_X\.m2\repository\org\apache\tomcat\embed\tomcat-embed-websocket\8.5.32\tomcat-embed-websocket-8.5.32.jar;C:\Users\The_X\.m2\repository\org\hibernate\validator\hibernate-validator\6.0.11.Final\hibernate-validator-6.0.11.Final.jar;C:\Users\The_X\.m2\repository\javax\validation\validation-api\2.0.1.Final\validation-api-2.0.1.Final.jar;C:\Users\The_X\.m2\repository\org\springframework\spring-web\5.0.8.RELEASE\spring-web-5.0.8.RELEASE.jar;C:\Users\The_X\.m2\repository\org\springframework\spring-webmvc\5.0.8.RELEASE\spring-webmvc-5.0.8.RELEASE.jar;C:\Users\The_X\.m2\repository\org\springframework\spring-expression\5.0.8.RELEASE\spring-expression-5.0.8.RELEASE.jar;C:\Users\The_X\.m2\repository\org\springframework\boot\spring-boot-starter-thymeleaf\2.0.4.RELEASE\spring-boot-starter-thymeleaf-2.0.4.RELEASE.jar;C:\Users\The_X\.m2\repository\org\thymeleaf\thymeleaf-spring5\3.0.9.RELEASE\thymeleaf-spring5-3.0.9.RELEASE.jar;C:\Users\The_X\.m2\repository\org\thymeleaf\thymeleaf\3.0.9.RELEASE\thymeleaf-3.0.9.RELEASE.jar;C:\Users\The_X\.m2\repository\org\attoparser\attoparser\2.0.4.RELEASE\attoparser-2.0.4.RELEASE.jar;C:\Users\The_X\.m2\repository\org\unbescape\unbescape\1.1.5.RELEASE\unbescape-1.1.5.RELEASE.jar;C:\Users\The_X\.m2\repository\org\thymeleaf\extras\thymeleaf-extras-java8time\3.0.1.RELEASE\thymeleaf-extras-java8time-3.0.1.RELEASE.jar;C:\Users\The_X\.m2\repository\org\springframework\boot\spring-boot-starter-security\2.0.4.RELEASE\spring-boot-starter-security-2.0.4.RELEASE.jar;C:\Users\The_X\.m2\repository\org\springframework\spring-aop\5.0.8.RELEASE\spring-aop-5.0.8.RELEASE.jar;C:\Users\The_X\.m2\repository\org\springframework\security\spring-security-config\5.0.7.RELEASE\spring-security-config-5.0.7.RELEASE.jar;C:\Users\The_X\.m2\repository\org\springframework\security\spring-security-core\5.0.7.RELEASE\spring-security-core-5.0.7.RELEASE.jar;C:\Users\The_X\.m2\repository\org\springframework\security\spring-security-web\5.0.7.RELEASE\spring-security-web-5.0.7.RELEASE.jar;C:\Users\The_X\.m2\repository\org\springframework\boot\spring-boot-devtools\2.0.4.RELEASE\spring-boot-devtools-2.0.4.RELEASE.jar;C:\Users\The_X\.m2\repository\org\springframework\boot\spring-boot\2.0.4.RELEASE\spring-boot-2.0.4.RELEASE.jar;C:\Users\The_X\.m2\repository\org\springframework\boot\spring-boot-autoconfigure\2.0.4.RELEASE\spring-boot-autoconfigure-2.0.4.RELEASE.jar;C:\Users\The_X\.m2\repository\mysql\mysql-connector-java\5.1.46\mysql-connector-java-5.1.46.jar;C:\Users\The_X\.m2\repository\com\h2database\h2\1.4.197\h2-1.4.197.jar;C:\Users\The_X\.m2\repository\org\projectlombok\lombok\1.16.22\lombok-1.16.22.jar;C:\Users\The_X\.m2\repository\org\apache\logging\log4j\log4j-api\2.12.1\log4j-api-2.12.1.jar;C:\Users\The_X\.m2\repository\org\apache\logging\log4j\log4j-core\2.17.1\log4j-core-2.17.1.jar;, java.io.tmpdir=C:\Users\The_X\AppData\Local\Temp\, ibm.system.encoding=Cp1252, os.arch=amd64, java.awt.graphicsenv=sun.awt.Win32GraphicsEnvironment, ibm.signalhandling.rs=false, java.ext.dirs=C:\Program Files\Java\jdk-1.8.0_282\jre\lib\ext, user.dir=D:\Windows Users Directories\Documents\OpenClassroom\Dossier de Travail\Projet 7\Poseiden-skeleton, line.separator=
, java.vm.name=Eclipse OpenJ9 VM, com.ibm.oti.shared.enabled=false, com.ibm.vm.bitmode=64, basedir=D:\Windows Users Directories\Documents\OpenClassroom\Dossier de Travail\Projet 7\Poseiden-skeleton, file.encoding=Cp1252, java.specification.version=1.8, com.ibm.oti.configuration=scar}}, SystemEnvironmentPropertySource@1488120889 {name='systemEnvironment', properties={PATH=C:\Python310\Scripts\;C:\Python310\;C:\Program Files (x86)\NVIDIA Corporation\PhysX\Common;C:\Program Files (x86)\Razer Chroma SDK\bin;C:\Program Files\Razer Chroma SDK\bin;C:\Program Files (x86)\Razer\ChromaBroadcast\bin;C:\Program Files\Razer\ChromaBroadcast\bin;C:\Program Files\Common Files\Oracle\Java\javapath;C:\Program Files (x86)\Common Files\Oracle\Java\javapath;C:\WINDOWS\system32;C:\WINDOWS;C:\WINDOWS\System32\Wbem;C:\WINDOWS\System32\WindowsPowerShell\v1.0\;C:\WINDOWS\System32\OpenSSH\;C:\Program Files\Git\cmd;C:\Program Files (x86)\Common Files\Acronis\VirtualFile\;C:\Program Files (x86)\Common Files\Acronis\VirtualFile64\;C:\Program Files (x86)\Common Files\Acronis\SnapAPI\;C:\Program Files\Java\jdk-16\bin;C:\Program Files\Java\jdk-1.8.0_282\bin;C:\WINDOWS\system32\config\systemprofile\AppData\Local\Microsoft\WindowsApps;C:\Program Files\Maven\apache-maven-3.8.1\bin;C:\Program Files\dotnet\;C:\Program Files\qemu;C:\WINDOWS\system32;C:\WINDOWS;C:\WINDOWS\System32\Wbem;C:\WINDOWS\System32\WindowsPowerShell\v1.0\;C:\WINDOWS\System32\OpenSSH\;C:\Program Files\nodejs\;C:\ProgramData\chocolatey\bin;C:\Program Files (x86)\dotnet\;C:\Program Files (x86)\Gpg4win\..\GnuPG\bin;C:\Users\The_X\AppData\Local\Microsoft\WindowsApps;C:\Users\The_X\AppData\Local\Programs\Microsoft VS Code\bin;C:\Users\The_X\AppData\Local\GitHubDesktop\bin;C:\Program Files\JetBrains\IntelliJ IDEA Community Edition 2020.3.2\bin;C:\Users\The_X\.dotnet\tools;C:\Users\The_X\AppData\Local\atom\bin;C:\Users\The_X\AppData\Local\gitkraken\bin;C:\Users\The_X\AppData\Roaming\npm;C:\Users\The_X\.dotnet\tools, USERDOMAIN_ROAMINGPROFILE=DESKTOP-7G56LRB, PROCESSOR_LEVEL=23, SYSTEMDRIVE=C:, SESSIONNAME=Console, ALLUSERSPROFILE=C:\ProgramData, PROCESSOR_ARCHITECTURE=AMD64, VSCODE_GIT_IPC_HANDLE=\\.\pipe\vscode-git-c85fc508e9-sock, DRIVERDATA=C:\Windows\System32\Drivers\DriverData, MAVEN_HOME=C:\Program Files\Maven\apache-maven-3.8.1\bin\.., PROGRAMFILES=C:\Program Files, COLORTERM=truecolor, PSMODULEPATH=D:\Windows Users Directories\Documents\WindowsPowerShell\Modules;C:\Program Files\WindowsPowerShell\Modules;C:\WINDOWS\system32\WindowsPowerShell\v1.0\Modules;C:\Program Files\Intel\Wired Networking\, PROGRAMDATA=C:\ProgramData, CHOCOLATEYLASTPATHUPDATE=132827609035499615, USERNAME=The_X, VSCODE_GIT_ASKPASS_NODE=C:\Users\The_X\AppData\Local\Programs\Microsoft VS Code\Code.exe, TERM_PROGRAM_VERSION=1.66.0, GIT_ASKPASS=c:\Users\The_X\AppData\Local\Programs\Microsoft VS Code\resources\app\extensions\git\dist\askpass.sh, WDIR=D:\, CHROME_CRASHPAD_PIPE_NAME=\\.\pipe\crashpad_17660_IEADZUWFURJHTDYA, FPS_BROWSER_USER_PROFILE_STRING=Default, ONEDRIVE=C:\Users\The_X\OneDrive, PATHEXT=.COM;.EXE;.BAT;.CMD;.VBS;.VBE;.JS;.JSE;.WSF;.WSH;.MSC;.PY;.PYW;.CPL, ONEDRIVECONSUMER=C:\Users\The_X\OneDrive, CLASSWORLDS_JAR="C:\Program Files\Maven\apache-maven-3.8.1\bin\..\boot\plexus-classworlds-2.6.0.jar", WINDIR=C:\WINDOWS, ORIGINAL_XDG_CURRENT_DESKTOP=undefined, HOMEPATH=\Users\The_X, PROCESSOR_IDENTIFIER=AMD64 Family 23 Model 8 Stepping 2, AuthenticAMD, PUBLIC=C:\Users\Public, LOCALAPPDATA=C:\Users\The_X\AppData\Local, COMMONPROGRAMFILES(X86)=C:\Program Files (x86)\Common Files, USERDOMAIN=DESKTOP-7G56LRB, FPS_BROWSER_APP_PROFILE_STRING=Internet Explorer, LOGONSERVER=\\DESKTOP-7G56LRB, JAVA_HOME=C:\Program Files\Java\jdk-1.8.0_282, PROMPT=$P$G, PROGRAMFILES(X86)=C:\Program Files (x86), LANG=fr_FR.UTF-8, ERROR_CODE=0, EXEC_DIR=D:\Windows Users Directories\Documents\OpenClassroom\Dossier de Travail\Projet 7\Poseiden-skeleton, VSCODE_GIT_ASKPASS_MAIN=c:\Users\The_X\AppData\Local\Programs\Microsoft VS Code\resources\app\extensions\git\dist\askpass-main.js, BESIEGE_UNITY_ASSEMBLIES=D:/Games/Steam/steamapps/common/Besiege/Besiege_Data\Managed/, APPDATA=C:\Users\The_X\AppData\Roaming, PROGRAMW6432=C:\Program Files, SYSTEMROOT=C:\WINDOWS, CHOCOLATEYINSTALL=C:\ProgramData\chocolatey, VSCODE_GIT_ASKPASS_EXTRA_ARGS=--ms-enable-electron-run-as-node, BESIEGE_GAME_ASSEMBLIES=D:/Games/Steam/steamapps/common/Besiege/Besiege_Data\Managed/, MAVEN_CMD_LINE_ARGS=clean install, VBOX_MSI_INSTALL_PATH=C:\Program Files\Oracle\VirtualBox\, OS=Windows_NT, TERM_PROGRAM=vscode, COMMONPROGRAMW6432=C:\Program Files\Common Files, COMPUTERNAME=DESKTOP-7G56LRB, INTELLIJ IDEA COMMUNITY EDITION=C:\Program Files\JetBrains\IntelliJ IDEA Community Edition 2020.3.2\bin;, COMMONPROGRAMFILES=C:\Program Files\Common Files, COMSPEC=C:\WINDOWS\system32\cmd.exe, AMDRMPATH=C:\Program Files\AMD\RyzenMaster\, JAVACMD=C:\Program Files\Java\jdk-1.8.0_282\bin\java.exe, MAVEN_PROJECTBASEDIR=D:\Windows Users Directories\Documents\OpenClassroom\Dossier de Travail\Projet 7\Poseiden-skeleton, PROCESSOR_REVISION=0802, DEPOT_TOOLS_WIN_TOOLCHAIN=0, CLASSWORLDS_LAUNCHER=org.codehaus.plexus.classworlds.launcher.Launcher, =D:=D:\Windows Users Directories\Documents\OpenClassroom\Dossier de Travail\Projet 7\Poseiden-skeleton, TEMP=C:\Users\The_X\AppData\Local\Temp, HOMEDRIVE=C:, USERPROFILE=C:\Users\The_X, TMP=C:\Users\The_X\AppData\Local\Temp, NUMBER_OF_PROCESSORS=12, JVMCONFIG=\.mvn\jvm.config}}]
20:13:12.573 [main] DEBUG org.springframework.test.context.support.TestPropertySourceUtils - Adding inlined properties to environment: {spring.jmx.enabled=false, org.springframework.boot.test.context.SpringBootTestContextBootstrapper=true, server.port=-1}
20:13:12.574 [main] DEBUG org.springframework.core.env.StandardEnvironment - Adding PropertySource 'Inlined Test Properties' with highest search precedence

  .   ____          _            __ _ _
 /\\ / ___'_ __ _ _(_)_ __  __ _ \ \ \ \
( ( )\___ | '_ | '_| | '_ \/ _` | \ \ \ \
 \\/  ___)| |_)| | | | | || (_| |  ) ) ) )
  '  |____| .__|_| |_|_| |_\__, | / / / /
 =========|_|==============|___/=/_/_/_/
 :: Spring Boot ::        (v2.0.4.RELEASE)

2022-04-04 20:13:13.009  INFO 3220 --- [           main] com.nnk.springboot.BidTests              : Starting BidTests on DESKTOP-7G56LRB with PID 3220 (started by The_X in D:\Windows Users Directories\Documents\OpenClassroom\Dossier de Travail\Projet 7\Poseiden-skeleton)
2022-04-04 20:13:13.011  INFO 3220 --- [           main] com.nnk.springboot.BidTests              : No active profile set, falling back to default profiles: default
2022-04-04 20:13:13.080  INFO 3220 --- [           main] o.s.w.c.s.GenericWebApplicationContext   : Refreshing org.springframework.web.context.support.GenericWebApplicationContext@6ea183d5: startup date [Mon Apr 04 20:13:13 CEST 2022]; root of context hierarchy
2022-04-04 20:13:14.993  INFO 3220 --- [           main] trationDelegate$BeanPostProcessorChecker : Bean 'org.springframework.transaction.annotation.ProxyTransactionManagementConfiguration' of type [org.springframework.transaction.annotation.ProxyTransactionManagementConfiguration$$EnhancerBySpringCGLIB$$6fde60b3] is not eligible for getting processed by all BeanPostProcessors (for example: not eligible for auto-proxying)
2022-04-04 20:13:15.200  INFO 3220 --- [           main] com.zaxxer.hikari.HikariDataSource       : HikariPool-1 - Starting...
2022-04-04 20:13:15.386  INFO 3220 --- [           main] com.zaxxer.hikari.HikariDataSource       : HikariPool-1 - Start completed.
2022-04-04 20:13:15.448  INFO 3220 --- [           main] j.LocalContainerEntityManagerFactoryBean : Building JPA container EntityManagerFactory for persistence unit 'default'
2022-04-04 20:13:15.468  INFO 3220 --- [           main] o.hibernate.jpa.internal.util.LogHelper  : HHH000204: Processing PersistenceUnitInfo [
	name: default
	...]
2022-04-04 20:13:15.585  INFO 3220 --- [           main] org.hibernate.Version                    : HHH000412: Hibernate Core {5.2.17.Final}
2022-04-04 20:13:15.588  INFO 3220 --- [           main] org.hibernate.cfg.Environment            : HHH000206: hibernate.properties not found
2022-04-04 20:13:15.646  INFO 3220 --- [           main] o.hibernate.annotations.common.Version   : HCANN000001: Hibernate Commons Annotations {5.0.1.Final}
2022-04-04 20:13:15.782  INFO 3220 --- [           main] org.hibernate.dialect.Dialect            : HHH000400: Using dialect: org.hibernate.dialect.MySQL5Dialect
Hibernate: alter table demo.bidlist add column bid_list_id integer not null
Hibernate: alter table demo.bidlist add column ask_quantity double precision
Hibernate: alter table demo.bidlist add column bid_list_date datetime
Hibernate: alter table demo.bidlist add column bid_quantity double precision
Hibernate: alter table demo.bidlist add column creation_date datetime
Hibernate: alter table demo.bidlist add column creation_name varchar(255)
Hibernate: alter table demo.bidlist add column deal_name varchar(255)
Hibernate: alter table demo.bidlist add column deal_type varchar(255)
Hibernate: alter table demo.bidlist add column revision_date datetime
Hibernate: alter table demo.bidlist add column revision_name varchar(255)
Hibernate: alter table demo.bidlist add column source_list_id varchar(255)
Hibernate: alter table demo.curvepoint add column as_of_date datetime
Hibernate: alter table demo.curvepoint add column creation_date datetime
Hibernate: alter table demo.curvepoint add column curve_id integer
Hibernate: create table hibernate_sequence (next_val bigint) engine=MyISAM
Hibernate: insert into hibernate_sequence values ( 1 )
Hibernate: insert into hibernate_sequence values ( 1 )
Hibernate: insert into hibernate_sequence values ( 1 )
Hibernate: insert into hibernate_sequence values ( 1 )
Hibernate: insert into hibernate_sequence values ( 1 )
Hibernate: insert into hibernate_sequence values ( 1 )
Hibernate: alter table demo.rating add column fitch_rating varchar(255)
Hibernate: alter table demo.rating add column moodys_rating varchar(255)
Hibernate: alter table demo.rating add column order_number integer
Hibernate: alter table demo.rulename add column sql_part varchar(255)
Hibernate: alter table demo.rulename add column sql_str varchar(255)
Hibernate: alter table demo.trade add column trade_id integer not null
Hibernate: alter table demo.trade add column buy_price double precision
[...]
2022-04-04 20:13:18.635  INFO 3220 --- [           main] s.w.s.m.m.a.RequestMappingHandlerMapping : Mapped "{[/bidList/update/{id}],methods=[GET]}" onto public java.lang.String com.nnk.springboot.controllers.BidListController.showUpdateForm(java.lang.Integer,org.springframework.ui.Model)
2022-04-04 20:13:18.636  INFO 3220 --- [           main] s.w.s.m.m.a.RequestMappingHandlerMapping : Mapped "{[/bidList/update/{id}],methods=[POST]}" onto public java.lang.String com.nnk.springboot.controllers.BidListController.updateBid(java.lang.Integer,com.nnk.springboot.domain.BidList,org.springframework.validation.BindingResult,org.springframework.ui.Model)
2022-04-04 20:13:18.636  INFO 3220 --- [           main] s.w.s.m.m.a.RequestMappingHandlerMapping : Mapped "{[/bidList/delete/{id}],methods=[GET]}" onto public java.lang.String com.nnk.springboot.controllers.BidListController.deleteBid(java.lang.Integer,org.springframework.ui.Model)
2022-04-04 20:13:18.637  INFO 3220 --- [           main] s.w.s.m.m.a.RequestMappingHandlerMapping : Mapped "{[/curvePoint/list]}" onto public java.lang.String com.nnk.springboot.controllers.CurveController.home(org.springframework.ui.Model)
2022-04-04 20:13:18.637  INFO 3220 --- [           main] s.w.s.m.m.a.RequestMappingHandlerMapping : Mapped "{[/curvePoint/add],methods=[GET]}" onto public java.lang.String com.nnk.springboot.controllers.CurveController.addBidForm(com.nnk.springboot.domain.CurvePoint)
2022-04-04 20:13:18.637  INFO 3220 --- [           main] s.w.s.m.m.a.RequestMappingHandlerMapping : Mapped "{[/curvePoint/validate],methods=[POST]}" onto public java.lang.String com.nnk.springboot.controllers.CurveController.validate(com.nnk.springboot.domain.CurvePoint,org.springframework.validation.BindingResult,org.springframework.ui.Model)
2022-04-04 20:13:18.637  INFO 3220 --- [           main] s.w.s.m.m.a.RequestMappingHandlerMapping : Mapped "{[/curvePoint/update/{id}],methods=[GET]}" onto public java.lang.String com.nnk.springboot.controllers.CurveController.showUpdateForm(java.lang.Integer,org.springframework.ui.Model)
2022-04-04 20:13:18.637  INFO 3220 --- [           main] s.w.s.m.m.a.RequestMappingHandlerMapping : Mapped "{[/curvePoint/update/{id}],methods=[POST]}" onto public java.lang.String com.nnk.springboot.controllers.CurveController.updateBid(java.lang.Integer,com.nnk.springboot.domain.CurvePoint,org.springframework.validation.BindingResult,org.springframework.ui.Model)
2022-04-04 20:13:18.638  INFO 3220 --- [           main] s.w.s.m.m.a.RequestMappingHandlerMapping : Mapped "{[/curvePoint/delete/{id}],methods=[GET]}" onto public java.lang.String com.nnk.springboot.controllers.CurveController.deleteBid(java.lang.Integer,org.springframework.ui.Model)
2022-04-04 20:13:18.638  INFO 3220 --- [           main] s.w.s.m.m.a.RequestMappingHandlerMapping : Mapped "{[/]}" onto public java.lang.String com.nnk.springboot.controllers.HomeController.home(org.springframework.ui.Model)
2022-04-04 20:13:18.638  INFO 3220 --- [           main] s.w.s.m.m.a.RequestMappingHandlerMapping : Mapped "{[/admin/home]}" onto public java.lang.String com.nnk.springboot.controllers.HomeController.adminHome(org.springframework.ui.Model)
2022-04-04 20:13:18.641  INFO 3220 --- [           main] s.w.s.m.m.a.RequestMappingHandlerMapping : Mapped "{[/app/login],methods=[GET]}" onto public org.springframework.web.servlet.ModelAndView com.nnk.springboot.controllers.LoginController.login()
2022-04-04 20:13:18.641  INFO 3220 --- [           main] s.w.s.m.m.a.RequestMappingHandlerMapping : Mapped "{[/app/secure/article-details],methods=[GET]}" onto public org.springframework.web.servlet.ModelAndView com.nnk.springboot.controllers.LoginController.getAllUserArticles()
2022-04-04 20:13:18.641  INFO 3220 --- [           main] s.w.s.m.m.a.RequestMappingHandlerMapping : Mapped "{[/app/error],methods=[GET]}" onto public org.springframework.web.servlet.ModelAndView com.nnk.springboot.controllers.LoginController.error()
2022-04-04 20:13:18.642  INFO 3220 --- [           main] s.w.s.m.m.a.RequestMappingHandlerMapping : Mapped "{[/rating/list]}" onto public java.lang.String com.nnk.springboot.controllers.RatingController.home(org.springframework.ui.Model)
2022-04-04 20:13:18.643  INFO 3220 --- [           main] s.w.s.m.m.a.RequestMappingHandlerMapping : Mapped "{[/rating/add],methods=[GET]}" onto public java.lang.String com.nnk.springboot.controllers.RatingController.addRatingForm(com.nnk.springboot.domain.Rating)
2022-04-04 20:13:18.643  INFO 3220 --- [           main] s.w.s.m.m.a.RequestMappingHandlerMapping : Mapped "{[/rating/validate],methods=[POST]}" onto public java.lang.String com.nnk.springboot.controllers.RatingController.validate(com.nnk.springboot.domain.Rating,org.springframework.validation.BindingResult,org.springframework.ui.Model)
2022-04-04 20:13:18.643  INFO 3220 --- [           main] s.w.s.m.m.a.RequestMappingHandlerMapping : Mapped "{[/rating/update/{id}],methods=[GET]}" onto public java.lang.String com.nnk.springboot.controllers.RatingController.showUpdateForm(java.lang.Integer,org.springframework.ui.Model)
2022-04-04 20:13:18.643  INFO 3220 --- [           main] s.w.s.m.m.a.RequestMappingHandlerMapping : Mapped "{[/rating/update/{id}],methods=[POST]}" onto public java.lang.String com.nnk.springboot.controllers.RatingController.updateRating(java.lang.Integer,com.nnk.springboot.domain.Rating,org.springframework.validation.BindingResult,org.springframework.ui.Model)
2022-04-04 20:13:18.643  INFO 3220 --- [           main] s.w.s.m.m.a.RequestMappingHandlerMapping : Mapped "{[/rating/delete/{id}],methods=[GET]}" onto public java.lang.String com.nnk.springboot.controllers.RatingController.deleteRating(java.lang.Integer,org.springframework.ui.Model)
2022-04-04 20:13:18.647  INFO 3220 --- [           main] s.w.s.m.m.a.RequestMappingHandlerMapping : Mapped "{[/ruleName/list]}" onto public java.lang.String com.nnk.springboot.controllers.RuleNameController.home(org.springframework.ui.Model)
2022-04-04 20:13:18.647  INFO 3220 --- [           main] s.w.s.m.m.a.RequestMappingHandlerMapping : Mapped "{[/ruleName/add],methods=[GET]}" onto public java.lang.String com.nnk.springboot.controllers.RuleNameController.addRuleForm(com.nnk.springboot.domain.RuleName)
2022-04-04 20:13:18.648  INFO 3220 --- [           main] s.w.s.m.m.a.RequestMappingHandlerMapping : Mapped "{[/ruleName/validate],methods=[POST]}" onto public java.lang.String com.nnk.springboot.controllers.RuleNameController.validate(com.nnk.springboot.domain.RuleName,org.springframework.validation.BindingResult,org.springframework.ui.Model)
2022-04-04 20:13:18.648  INFO 3220 --- [           main] s.w.s.m.m.a.RequestMappingHandlerMapping : Mapped "{[/ruleName/update/{id}],methods=[GET]}" onto public java.lang.String com.nnk.springboot.controllers.RuleNameController.showUpdateForm(java.lang.Integer,org.springframework.ui.Model)
2022-04-04 20:13:18.648  INFO 3220 --- [           main] s.w.s.m.m.a.RequestMappingHandlerMapping : Mapped "{[/ruleName/update/{id}],methods=[POST]}" onto public java.lang.String com.nnk.springboot.controllers.RuleNameController.updateRuleName(java.lang.Integer,com.nnk.springboot.domain.RuleName,org.springframework.validation.BindingResult,org.springframework.ui.Model)
2022-04-04 20:13:18.649  INFO 3220 --- [           main] s.w.s.m.m.a.RequestMappingHandlerMapping : Mapped "{[/ruleName/delete/{id}],methods=[GET]}" onto public java.lang.String com.nnk.springboot.controllers.RuleNameController.deleteRuleName(java.lang.Integer,org.springframework.ui.Model)
2022-04-04 20:13:18.650  INFO 3220 --- [           main] s.w.s.m.m.a.RequestMappingHandlerMapping : Mapped "{[/trade/list]}" onto public java.lang.String com.nnk.springboot.controllers.TradeController.home(org.springframework.ui.Model)
2022-04-04 20:13:18.650  INFO 3220 --- [           main] s.w.s.m.m.a.RequestMappingHandlerMapping : Mapped "{[/trade/add],methods=[GET]}" onto public java.lang.String com.nnk.springboot.controllers.TradeController.addUser(com.nnk.springboot.domain.Trade)
2022-04-04 20:13:18.650  INFO 3220 --- [           main] s.w.s.m.m.a.RequestMappingHandlerMapping : Mapped "{[/trade/validate],methods=[POST]}" onto public java.lang.String com.nnk.springboot.controllers.TradeController.validate(com.nnk.springboot.domain.Trade,org.springframework.validation.BindingResult,org.springframework.ui.Model)
2022-04-04 20:13:18.650  INFO 3220 --- [           main] s.w.s.m.m.a.RequestMappingHandlerMapping : Mapped "{[/trade/update/{id}],methods=[GET]}" onto public java.lang.String com.nnk.springboot.controllers.TradeController.showUpdateForm(java.lang.Integer,org.springframework.ui.Model)
2022-04-04 20:13:18.651  INFO 3220 --- [           main] s.w.s.m.m.a.RequestMappingHandlerMapping : Mapped "{[/trade/update/{id}],methods=[POST]}" onto public java.lang.String com.nnk.springboot.controllers.TradeController.updateTrade(java.lang.Integer,com.nnk.springboot.domain.Trade,org.springframework.validation.BindingResult,org.springframework.ui.Model)
2022-04-04 20:13:18.651  INFO 3220 --- [           main] s.w.s.m.m.a.RequestMappingHandlerMapping : Mapped "{[/trade/delete/{id}],methods=[GET]}" onto public java.lang.String com.nnk.springboot.controllers.TradeController.deleteTrade(java.lang.Integer,org.springframework.ui.Model)
2022-04-04 20:13:18.652  INFO 3220 --- [           main] s.w.s.m.m.a.RequestMappingHandlerMapping : Mapped "{[/user/list]}" onto public java.lang.String com.nnk.springboot.controllers.UserController.home(org.springframework.ui.Model)
2022-04-04 20:13:18.652  INFO 3220 --- [           main] s.w.s.m.m.a.RequestMappingHandlerMapping : Mapped "{[/user/add],methods=[GET]}" onto public java.lang.String com.nnk.springboot.controllers.UserController.addUser(com.nnk.springboot.domain.User)
2022-04-04 20:13:18.652  INFO 3220 --- [           main] s.w.s.m.m.a.RequestMappingHandlerMapping : Mapped "{[/user/validate],methods=[POST]}" onto public java.lang.String com.nnk.springboot.controllers.UserController.validate(com.nnk.springboot.domain.User,org.springframework.validation.BindingResult,org.springframework.ui.Model)
2022-04-04 20:13:18.652  INFO 3220 --- [           main] s.w.s.m.m.a.RequestMappingHandlerMapping : Mapped "{[/user/update/{id}],methods=[GET]}" onto public java.lang.String com.nnk.springboot.controllers.UserController.showUpdateForm(java.lang.Integer,org.springframework.ui.Model)
2022-04-04 20:13:18.653  INFO 3220 --- [           main] s.w.s.m.m.a.RequestMappingHandlerMapping : Mapped "{[/user/update/{id}],methods=[POST]}" onto public java.lang.String com.nnk.springboot.controllers.UserController.updateUser(java.lang.Integer,com.nnk.springboot.domain.User,org.springframework.validation.BindingResult,org.springframework.ui.Model)
2022-04-04 20:13:18.653  INFO 3220 --- [           main] s.w.s.m.m.a.RequestMappingHandlerMapping : Mapped "{[/user/delete/{id}],methods=[GET]}" onto public java.lang.String com.nnk.springboot.controllers.UserController.deleteUser(java.lang.Integer,org.springframework.ui.Model)
2022-04-04 20:13:18.657  INFO 3220 --- [           main] s.w.s.m.m.a.RequestMappingHandlerMapping : Mapped "{[/error],produces=[text/html]}" onto public org.springframework.web.servlet.ModelAndView org.springframework.boot.autoconfigure.web.servlet.error.BasicErrorController.errorHtml(javax.servlet.http.HttpServletRequest,javax.servlet.http.HttpServletResponse)
2022-04-04 20:13:18.657  INFO 3220 --- [           main] s.w.s.m.m.a.RequestMappingHandlerMapping : Mapped "{[/error]}" onto public org.springframework.http.ResponseEntity<java.util.Map<java.lang.String, java.lang.Object>> org.springframework.boot.autoconfigure.web.servlet.error.BasicErrorController.error(javax.servlet.http.HttpServletRequest)
2022-04-04 20:13:18.685  INFO 3220 --- [           main] o.s.w.s.handler.SimpleUrlHandlerMapping  : Mapped URL path [/webjars/**] onto handler of type [class org.springframework.web.servlet.resource.ResourceHttpRequestHandler]
2022-04-04 20:13:18.685  INFO 3220 --- [           main] o.s.w.s.handler.SimpleUrlHandlerMapping  : Mapped URL path [/**] onto handler of type [class org.springframework.web.servlet.resource.ResourceHttpRequestHandler]
2022-04-04 20:13:19.150  INFO 3220 --- [           main] .s.s.UserDetailsServiceAutoConfiguration : 

Using generated security password: 1919d231-39c5-481c-86a2-9f87fa0865d5

2022-04-04 20:13:19.334  INFO 3220 --- [           main] o.s.s.web.DefaultSecurityFilterChain     : Creating filter chain: org.springframework.security.web.util.matcher.AnyRequestMatcher@1, [org.springframework.security.web.context.request.async.WebAsyncManagerIntegrationFilter@84b2d0bd, org.springframework.security.web.context.SecurityContextPersistenceFilter@8a5ff7c8, org.springframework.security.web.header.HeaderWriterFilter@9c12eda7, org.springframework.security.web.csrf.CsrfFilter@73b6cabe, org.springframework.security.web.authentication.logout.LogoutFilter@b9a57ebb, org.springframework.security.web.authentication.UsernamePasswordAuthenticationFilter@15e6fedf, org.springframework.security.web.authentication.ui.DefaultLoginPageGeneratingFilter@4b0e5d9d, org.springframework.security.web.authentication.www.BasicAuthenticationFilter@88297879, org.springframework.security.web.savedrequest.RequestCacheAwareFilter@4b538629, org.springframework.security.web.servletapi.SecurityContextHolderAwareRequestFilter@beb87785, org.springframework.security.web.authentication.AnonymousAuthenticationFilter@34a0f48e, org.springframework.security.web.session.SessionManagementFilter@ae73c524, org.springframework.security.web.access.ExceptionTranslationFilter@397b23c8, org.springframework.security.web.access.intercept.FilterSecurityInterceptor@fabbee93]
2022-04-04 20:13:19.445  INFO 3220 --- [           main] com.nnk.springboot.BidTests              : Started BidTests in 6.855 seconds (JVM running for 7.86)
Hibernate: select next_val as id_val from hibernate_sequence for update
Hibernate: update hibernate_sequence set next_val= ? where next_val=?
2022-04-04 20:13:19.632 ERROR 3220 --- [           main] o.h.i.ExceptionMapperStandardImpl        : HHH000346: Error during managed flush [Validation failed for classes [com.nnk.springboot.domain.BidList] during persist time for groups [javax.validation.groups.Default, ]
List of constraint violations:[
	ConstraintViolationImpl{interpolatedMessage='Type is mandatory', propertyPath=type, rootBeanClass=class com.nnk.springboot.domain.BidList, messageTemplate='Type is mandatory'}
	ConstraintViolationImpl{interpolatedMessage='Account is mandatory', propertyPath=account, rootBeanClass=class com.nnk.springboot.domain.BidList, messageTemplate='Account is mandatory'}
]]
]]></system-out>
    <system-err><![CDATA[Mon Apr 04 20:13:15 CEST 2022 WARN: Establishing SSL connection without server's identity verification is not recommended. According to MySQL 5.5.45+, 5.6.26+ and 5.7.6+ requirements SSL connection must be established by default if explicit option isn't set. For compliance with existing applications not using SSL the verifyServerCertificate property is set to 'false'. You need either to explicitly disable SSL by setting useSSL=false, or set useSSL=true and provide truststore for server certificate verification.
Mon Apr 04 20:13:15 CEST 2022 WARN: Establishing SSL connection without server's identity verification is not recommended. According to MySQL 5.5.45+, 5.6.26+ and 5.7.6+ requirements SSL connection must be established by default if explicit option isn't set. For compliance with existing applications not using SSL the verifyServerCertificate property is set to 'false'. You need either to explicitly disable SSL by setting useSSL=false, or set useSSL=true and provide truststore for server certificate verification.
Mon Apr 04 20:13:15 CEST 2022 WARN: Establishing SSL connection without server's identity verification is not recommended. According to MySQL 5.5.45+, 5.6.26+ and 5.7.6+ requirements SSL connection must be established by default if explicit option isn't set. For compliance with existing applications not using SSL the verifyServerCertificate property is set to 'false'. You need either to explicitly disable SSL by setting useSSL=false, or set useSSL=true and provide truststore for server certificate verification.
Mon Apr 04 20:13:15 CEST 2022 WARN: Establishing SSL connection without server's identity verification is not recommended. According to MySQL 5.5.45+, 5.6.26+ and 5.7.6+ requirements SSL connection must be established by default if explicit option isn't set. For compliance with existing applications not using SSL the verifyServerCertificate property is set to 'false'. You need either to explicitly disable SSL by setting useSSL=false, or set useSSL=true and provide truststore for server certificate verification.
Mon Apr 04 20:13:15 CEST 2022 WARN: Establishing SSL connection without server's identity verification is not recommended. According to MySQL 5.5.45+, 5.6.26+ and 5.7.6+ requirements SSL connection must be established by default if explicit option isn't set. For compliance with existing applications not using SSL the verifyServerCertificate property is set to 'false'. You need either to explicitly disable SSL by setting useSSL=false, or set useSSL=true and provide truststore for server certificate verification.
Mon Apr 04 20:13:15 CEST 2022 WARN: Establishing SSL connection without server's identity verification is not recommended. According to MySQL 5.5.45+, 5.6.26+ and 5.7.6+ requirements SSL connection must be established by default if explicit option isn't set. For compliance with existing applications not using SSL the verifyServerCertificate property is set to 'false'. You need either to explicitly disable SSL by setting useSSL=false, or set useSSL=true and provide truststore for server certificate verification.
Mon Apr 04 20:13:15 CEST 2022 WARN: Establishing SSL connection without server's identity verification is not recommended. According to MySQL 5.5.45+, 5.6.26+ and 5.7.6+ requirements SSL connection must be established by default if explicit option isn't set. For compliance with existing applications not using SSL the verifyServerCertificate property is set to 'false'. You need either to explicitly disable SSL by setting useSSL=false, or set useSSL=true and provide truststore for server certificate verification.
Mon Apr 04 20:13:15 CEST 2022 WARN: Establishing SSL connection without server's identity verification is not recommended. According to MySQL 5.5.45+, 5.6.26+ and 5.7.6+ requirements SSL connection must be established by default if explicit option isn't set. For compliance with existing applications not using SSL the verifyServerCertificate property is set to 'false'. You need either to explicitly disable SSL by setting useSSL=false, or set useSSL=true and provide truststore for server certificate verification.
Mon Apr 04 20:13:15 CEST 2022 WARN: Establishing SSL connection without server's identity verification is not recommended. According to MySQL 5.5.45+, 5.6.26+ and 5.7.6+ requirements SSL connection must be established by default if explicit option isn't set. For compliance with existing applications not using SSL the verifyServerCertificate property is set to 'false'. You need either to explicitly disable SSL by setting useSSL=false, or set useSSL=true and provide truststore for server certificate verification.
Mon Apr 04 20:13:15 CEST 2022 WARN: Establishing SSL connection without server's identity verification is not recommended. According to MySQL 5.5.45+, 5.6.26+ and 5.7.6+ requirements SSL connection must be established by default if explicit option isn't set. For compliance with existing applications not using SSL the verifyServerCertificate property is set to 'false'. You need either to explicitly disable SSL by setting useSSL=false, or set useSSL=true and provide truststore for server certificate verification.
]]></system-err>
  </testcase>
</testsuite>